生成启动时间为 2019/9/5 9:59:16。
     1>项目“D:\Videos\36期-项目1\day10 - 共享内存和数据库操作\04-代码\ServerSeckey\ServerSeckey\ServerSeckey.vcxproj”在节点 2 上(Rebuild 个目标)。
     1>_PrepareForClean:
         正在删除文件“D:\Videos\36期-项目1\day10 - 共享内存和数据库操作\04-代码\ServerSeckey\ServerSeckey\obj\x64\Debug\ServerSeckey.tlog\ServerSeckey.lastbuildstate”。
       _RemoteClean:
         Cleaning remote project directory
       InitializeBuildStatus:
         正在创建“D:\Videos\36期-项目1\day10 - 共享内存和数据库操作\04-代码\ServerSeckey\ServerSeckey\obj\x64\Debug\ServerSeckey.tlog\unsuccessfulbuild”，因为已指定“AlwaysCreate”。
       _ValidateSources:
         Validating sources
       _CopySources:
         Copying sources remotely to '192.168.237.131'
         Copying file 'D:\Videos\36期-项目1\day10 - 共享内存和数据库操作\04-代码\ServerSeckey\ServerSeckey\Codec.cpp' to '/home/robin/projects/ServerSeckey/Codec.cpp'
         Copying file 'D:\Videos\36期-项目1\day10 - 共享内存和数据库操作\04-代码\ServerSeckey\ServerSeckey\CodecFactory.cpp' to '/home/robin/projects/ServerSeckey/CodecFactory.cpp'
         Copying file 'D:\Videos\36期-项目1\day10 - 共享内存和数据库操作\04-代码\ServerSeckey\ServerSeckey\Hash.cpp' to '/home/robin/projects/ServerSeckey/Hash.cpp'
         Copying file 'D:\Videos\36期-项目1\day10 - 共享内存和数据库操作\04-代码\ServerSeckey\ServerSeckey\main.cpp' to '/home/robin/projects/ServerSeckey/main.cpp'
         Copying file 'D:\Videos\36期-项目1\day10 - 共享内存和数据库操作\04-代码\ServerSeckey\ServerSeckey\Message.pb.cc' to '/home/robin/projects/ServerSeckey/Message.pb.cc'
         Copying file 'D:\Videos\36期-项目1\day10 - 共享内存和数据库操作\04-代码\ServerSeckey\ServerSeckey\RequestCodec.cpp' to '/home/robin/projects/ServerSeckey/RequestCodec.cpp'
         Copying file 'D:\Videos\36期-项目1\day10 - 共享内存和数据库操作\04-代码\ServerSeckey\ServerSeckey\RequestFactory.cpp' to '/home/robin/projects/ServerSeckey/RequestFactory.cpp'
         Copying file 'D:\Videos\36期-项目1\day10 - 共享内存和数据库操作\04-代码\ServerSeckey\ServerSeckey\RespondCodec.cpp' to '/home/robin/projects/ServerSeckey/RespondCodec.cpp'
         Copying file 'D:\Videos\36期-项目1\day10 - 共享内存和数据库操作\04-代码\ServerSeckey\ServerSeckey\RespondFactory.cpp' to '/home/robin/projects/ServerSeckey/RespondFactory.cpp'
         Copying file 'D:\Videos\36期-项目1\day10 - 共享内存和数据库操作\04-代码\ServerSeckey\ServerSeckey\RsaCrypto.cpp' to '/home/robin/projects/ServerSeckey/RsaCrypto.cpp'
         Copying file 'D:\Videos\36期-项目1\day10 - 共享内存和数据库操作\04-代码\ServerSeckey\ServerSeckey\ServerOP.cpp' to '/home/robin/projects/ServerSeckey/ServerOP.cpp'
         Copying file 'D:\Videos\36期-项目1\day10 - 共享内存和数据库操作\04-代码\ServerSeckey\ServerSeckey\TcpServer.cpp' to '/home/robin/projects/ServerSeckey/TcpServer.cpp'
         Copying file 'D:\Videos\36期-项目1\day10 - 共享内存和数据库操作\04-代码\ServerSeckey\ServerSeckey\TcpSocket.cpp' to '/home/robin/projects/ServerSeckey/TcpSocket.cpp'
         Copying file 'D:\Videos\36期-项目1\day10 - 共享内存和数据库操作\04-代码\ServerSeckey\ServerSeckey\Codec.h' to '/home/robin/projects/ServerSeckey/Codec.h'
         Copying file 'D:\Videos\36期-项目1\day10 - 共享内存和数据库操作\04-代码\ServerSeckey\ServerSeckey\CodecFactory.h' to '/home/robin/projects/ServerSeckey/CodecFactory.h'
         Copying file 'D:\Videos\36期-项目1\day10 - 共享内存和数据库操作\04-代码\ServerSeckey\ServerSeckey\Hash.h' to '/home/robin/projects/ServerSeckey/Hash.h'
         Copying file 'D:\Videos\36期-项目1\day10 - 共享内存和数据库操作\04-代码\ServerSeckey\ServerSeckey\Message.pb.h' to '/home/robin/projects/ServerSeckey/Message.pb.h'
         Copying file 'D:\Videos\36期-项目1\day10 - 共享内存和数据库操作\04-代码\ServerSeckey\ServerSeckey\RequestCodec.h' to '/home/robin/projects/ServerSeckey/RequestCodec.h'
         Copying file 'D:\Videos\36期-项目1\day10 - 共享内存和数据库操作\04-代码\ServerSeckey\ServerSeckey\RequestFactory.h' to '/home/robin/projects/ServerSeckey/RequestFactory.h'
         Copying file 'D:\Videos\36期-项目1\day10 - 共享内存和数据库操作\04-代码\ServerSeckey\ServerSeckey\RespondCodec.h' to '/home/robin/projects/ServerSeckey/RespondCodec.h'
         Copying file 'D:\Videos\36期-项目1\day10 - 共享内存和数据库操作\04-代码\ServerSeckey\ServerSeckey\RespondFactory.h' to '/home/robin/projects/ServerSeckey/RespondFactory.h'
         Copying file 'D:\Videos\36期-项目1\day10 - 共享内存和数据库操作\04-代码\ServerSeckey\ServerSeckey\RsaCrypto.h' to '/home/robin/projects/ServerSeckey/RsaCrypto.h'
         Copying file 'D:\Videos\36期-项目1\day10 - 共享内存和数据库操作\04-代码\ServerSeckey\ServerSeckey\ServerOP.h' to '/home/robin/projects/ServerSeckey/ServerOP.h'
         Copying file 'D:\Videos\36期-项目1\day10 - 共享内存和数据库操作\04-代码\ServerSeckey\ServerSeckey\TcpServer.h' to '/home/robin/projects/ServerSeckey/TcpServer.h'
         Copying file 'D:\Videos\36期-项目1\day10 - 共享内存和数据库操作\04-代码\ServerSeckey\ServerSeckey\TcpSocket.h' to '/home/robin/projects/ServerSeckey/TcpSocket.h'
       _ValidateValidArchitecture:
         Validating architecture
         Current project architecture 'x64' is compatible with the remote system architecture 'x64' ('x64').
       ClCompile:
         Starting remote build
         Compiling sources:
         Invoking 'g++'
         g++ -c -x c++ /home/robin/projects/ServerSeckey/Codec.cpp -g2 -gdwarf-2 -o "/home/robin/projects/ServerSeckey/obj/x64/Debug/Codec.o" -Wall -Wswitch -W"no-deprecated-declarations" -W"empty-body" -Wconversion -W"return-type" -Wparentheses -W"no-format" -Wuninitialized -W"unreachable-code" -W"unused-function" -W"unused-value" -W"unused-variable" -O0 -fno-strict-aliasing -fno-omit-frame-pointer -fthreadsafe-statics -fexceptions -frtti -std=c++11
         Codec.cpp
         Done compiling '/home/robin/projects/ServerSeckey/Codec.cpp'
         Invoking 'g++'
         g++ -c -x c++ /home/robin/projects/ServerSeckey/CodecFactory.cpp -g2 -gdwarf-2 -o "/home/robin/projects/ServerSeckey/obj/x64/Debug/CodecFactory.o" -Wall -Wswitch -W"no-deprecated-declarations" -W"empty-body" -Wconversion -W"return-type" -Wparentheses -W"no-format" -Wuninitialized -W"unreachable-code" -W"unused-function" -W"unused-value" -W"unused-variable" -O0 -fno-strict-aliasing -fno-omit-frame-pointer -fthreadsafe-statics -fexceptions -frtti -std=c++11
         CodecFactory.cpp
         Done compiling '/home/robin/projects/ServerSeckey/CodecFactory.cpp'
         Invoking 'g++'
         g++ -c -x c++ /home/robin/projects/ServerSeckey/Hash.cpp -g2 -gdwarf-2 -o "/home/robin/projects/ServerSeckey/obj/x64/Debug/Hash.o" -Wall -Wswitch -W"no-deprecated-declarations" -W"empty-body" -Wconversion -W"return-type" -Wparentheses -W"no-format" -Wuninitialized -W"unreachable-code" -W"unused-function" -W"unused-value" -W"unused-variable" -O0 -fno-strict-aliasing -fno-omit-frame-pointer -fthreadsafe-statics -fexceptions -frtti -std=c++11
         Hash.cpp
         Done compiling '/home/robin/projects/ServerSeckey/Hash.cpp'
         Invoking 'g++'
         g++ -c -x c++ /home/robin/projects/ServerSeckey/main.cpp -g2 -gdwarf-2 -o "/home/robin/projects/ServerSeckey/obj/x64/Debug/main.o" -Wall -Wswitch -W"no-deprecated-declarations" -W"empty-body" -Wconversion -W"return-type" -Wparentheses -W"no-format" -Wuninitialized -W"unreachable-code" -W"unused-function" -W"unused-value" -W"unused-variable" -O0 -fno-strict-aliasing -fno-omit-frame-pointer -fthreadsafe-statics -fexceptions -frtti -std=c++11
         main.cpp
         Done compiling '/home/robin/projects/ServerSeckey/main.cpp'
         Invoking 'g++'
         g++ -c -x c++ /home/robin/projects/ServerSeckey/Message.pb.cc -g2 -gdwarf-2 -o "/home/robin/projects/ServerSeckey/obj/x64/Debug/Message.pb.o" -Wall -Wswitch -W"no-deprecated-declarations" -W"empty-body" -Wconversion -W"return-type" -Wparentheses -W"no-format" -Wuninitialized -W"unreachable-code" -W"unused-function" -W"unused-value" -W"unused-variable" -O0 -fno-strict-aliasing -fno-omit-frame-pointer -fthreadsafe-statics -fexceptions -frtti -std=c++11
         Message.pb.cc
         Done compiling '/home/robin/projects/ServerSeckey/Message.pb.cc'
         Invoking 'g++'
         g++ -c -x c++ /home/robin/projects/ServerSeckey/RequestCodec.cpp -g2 -gdwarf-2 -o "/home/robin/projects/ServerSeckey/obj/x64/Debug/RequestCodec.o" -Wall -Wswitch -W"no-deprecated-declarations" -W"empty-body" -Wconversion -W"return-type" -Wparentheses -W"no-format" -Wuninitialized -W"unreachable-code" -W"unused-function" -W"unused-value" -W"unused-variable" -O0 -fno-strict-aliasing -fno-omit-frame-pointer -fthreadsafe-statics -fexceptions -frtti -std=c++11
         RequestCodec.cpp
         Done compiling '/home/robin/projects/ServerSeckey/RequestCodec.cpp'
         Invoking 'g++'
         g++ -c -x c++ /home/robin/projects/ServerSeckey/RequestFactory.cpp -g2 -gdwarf-2 -o "/home/robin/projects/ServerSeckey/obj/x64/Debug/RequestFactory.o" -Wall -Wswitch -W"no-deprecated-declarations" -W"empty-body" -Wconversion -W"return-type" -Wparentheses -W"no-format" -Wuninitialized -W"unreachable-code" -W"unused-function" -W"unused-value" -W"unused-variable" -O0 -fno-strict-aliasing -fno-omit-frame-pointer -fthreadsafe-statics -fexceptions -frtti -std=c++11
         RequestFactory.cpp
         Done compiling '/home/robin/projects/ServerSeckey/RequestFactory.cpp'
         Invoking 'g++'
         g++ -c -x c++ /home/robin/projects/ServerSeckey/RespondCodec.cpp -g2 -gdwarf-2 -o "/home/robin/projects/ServerSeckey/obj/x64/Debug/RespondCodec.o" -Wall -Wswitch -W"no-deprecated-declarations" -W"empty-body" -Wconversion -W"return-type" -Wparentheses -W"no-format" -Wuninitialized -W"unreachable-code" -W"unused-function" -W"unused-value" -W"unused-variable" -O0 -fno-strict-aliasing -fno-omit-frame-pointer -fthreadsafe-statics -fexceptions -frtti -std=c++11
         RespondCodec.cpp
         Done compiling '/home/robin/projects/ServerSeckey/RespondCodec.cpp'
         Invoking 'g++'
         g++ -c -x c++ /home/robin/projects/ServerSeckey/RespondFactory.cpp -g2 -gdwarf-2 -o "/home/robin/projects/ServerSeckey/obj/x64/Debug/RespondFactory.o" -Wall -Wswitch -W"no-deprecated-declarations" -W"empty-body" -Wconversion -W"return-type" -Wparentheses -W"no-format" -Wuninitialized -W"unreachable-code" -W"unused-function" -W"unused-value" -W"unused-variable" -O0 -fno-strict-aliasing -fno-omit-frame-pointer -fthreadsafe-statics -fexceptions -frtti -std=c++11
         RespondFactory.cpp
         Done compiling '/home/robin/projects/ServerSeckey/RespondFactory.cpp'
         Invoking 'g++'
         g++ -c -x c++ /home/robin/projects/ServerSeckey/RsaCrypto.cpp -g2 -gdwarf-2 -o "/home/robin/projects/ServerSeckey/obj/x64/Debug/RsaCrypto.o" -Wall -Wswitch -W"no-deprecated-declarations" -W"empty-body" -Wconversion -W"return-type" -Wparentheses -W"no-format" -Wuninitialized -W"unreachable-code" -W"unused-function" -W"unused-value" -W"unused-variable" -O0 -fno-strict-aliasing -fno-omit-frame-pointer -fthreadsafe-statics -fexceptions -frtti -std=c++11
         RsaCrypto.cpp
     1>D:\Videos\36期-项目1\day10 - 共享内存和数据库操作\04-代码\ServerSeckey\ServerSeckey\RsaCrypto.cpp(39,57): warning : conversion to ‘int’ from ‘std::__cxx11::basic_string<char>::size_type {aka long unsigned int}’ may alter its value [-Wconversion]
D:\Videos\36期-项目1\day10 - 共享内存和数据库操作\04-代码\ServerSeckey\ServerSeckey\RsaCrypto.cpp(39,57): warning :   BIO* bio = BIO_new_mem_buf(keystr.data(), keystr.size());
D:\Videos\36期-项目1\day10 - 共享内存和数据库操作\04-代码\ServerSeckey\ServerSeckey\RsaCrypto.cpp(39,57): warning :                                                          ^
     1>D:\Videos\36期-项目1\day10 - 共享内存和数据库操作\04-代码\ServerSeckey\ServerSeckey\RsaCrypto.cpp(68,18): warning : value computed is not used [-Wunused-value]
D:\Videos\36期-项目1\day10 - 共享内存和数据库操作\04-代码\ServerSeckey\ServerSeckey\RsaCrypto.cpp(68,18): warning :   BIO_flush(pubIO);
D:\Videos\36期-项目1\day10 - 共享内存和数据库操作\04-代码\ServerSeckey\ServerSeckey\RsaCrypto.cpp(68,18): warning :                   ^
     1>D:\Videos\36期-项目1\day10 - 共享内存和数据库操作\04-代码\ServerSeckey\ServerSeckey\RsaCrypto.cpp(75,19): warning : value computed is not used [-Wunused-value]
D:\Videos\36期-项目1\day10 - 共享内存和数据库操作\04-代码\ServerSeckey\ServerSeckey\RsaCrypto.cpp(75,19): warning :   BIO_flush(priBio);
D:\Videos\36期-项目1\day10 - 共享内存和数据库操作\04-代码\ServerSeckey\ServerSeckey\RsaCrypto.cpp(75,19): warning :                    ^
     1>D:\Videos\36期-项目1\day10 - 共享内存和数据库操作\04-代码\ServerSeckey\ServerSeckey\RsaCrypto.cpp(126,57): warning : conversion to ‘int’ from ‘std::__cxx11::basic_string<char>::size_type {aka long unsigned int}’ may alter its value [-Wconversion]
D:\Videos\36期-项目1\day10 - 共享内存和数据库操作\04-代码\ServerSeckey\ServerSeckey\RsaCrypto.cpp(126,57): warning :    (unsigned char*)encode, m_publicKey, RSA_PKCS1_PADDING);
D:\Videos\36期-项目1\day10 - 共享内存和数据库操作\04-代码\ServerSeckey\ServerSeckey\RsaCrypto.cpp(126,57): warning :                                                          ^
     1>D:\Videos\36期-项目1\day10 - 共享内存和数据库操作\04-代码\ServerSeckey\ServerSeckey\RsaCrypto.cpp(176,21): warning : conversion to ‘unsigned int’ from ‘std::__cxx11::basic_string<char>::size_type {aka long unsigned int}’ may alter its value [-Wconversion]
D:\Videos\36期-项目1\day10 - 共享内存和数据库操作\04-代码\ServerSeckey\ServerSeckey\RsaCrypto.cpp(176,21): warning :    &len, m_privateKey);
D:\Videos\36期-项目1\day10 - 共享内存和数据库操作\04-代码\ServerSeckey\ServerSeckey\RsaCrypto.cpp(176,21): warning :                      ^
     1>D:\Videos\36期-项目1\day10 - 共享内存和数据库操作\04-代码\ServerSeckey\ServerSeckey\RsaCrypto.cpp(193,50): warning : conversion to ‘unsigned int’ from ‘std::__cxx11::basic_string<char>::size_type {aka long unsigned int}’ may alter its value [-Wconversion]
D:\Videos\36期-项目1\day10 - 共享内存和数据库操作\04-代码\ServerSeckey\ServerSeckey\RsaCrypto.cpp(193,50): warning :    (const unsigned char*)sign, keyLen, m_publicKey);
D:\Videos\36期-项目1\day10 - 共享内存和数据库操作\04-代码\ServerSeckey\ServerSeckey\RsaCrypto.cpp(193,50): warning :                                                   ^
     1>D:\Videos\36期-项目1\day10 - 共享内存和数据库操作\04-代码\ServerSeckey\ServerSeckey\RsaCrypto.cpp(213,17): warning : value computed is not used [-Wunused-value]
D:\Videos\36期-项目1\day10 - 共享内存和数据库操作\04-代码\ServerSeckey\ServerSeckey\RsaCrypto.cpp(213,17): warning :   BIO_flush(bs64);
D:\Videos\36期-项目1\day10 - 共享内存和数据库操作\04-代码\ServerSeckey\ServerSeckey\RsaCrypto.cpp(213,17): warning :                  ^
     1>D:\Videos\36期-项目1\day10 - 共享内存和数据库操作\04-代码\ServerSeckey\ServerSeckey\RsaCrypto.cpp(224,24): warning : conversion to ‘int’ from ‘std::__cxx11::basic_string<char>::size_type {aka long unsigned int}’ may alter its value [-Wconversion]
D:\Videos\36期-项目1\day10 - 共享内存和数据库操作\04-代码\ServerSeckey\ServerSeckey\RsaCrypto.cpp(224,24): warning :   int length = str.size();
D:\Videos\36期-项目1\day10 - 共享内存和数据库操作\04-代码\ServerSeckey\ServerSeckey\RsaCrypto.cpp(224,24): warning :                         ^
         Done compiling '/home/robin/projects/ServerSeckey/RsaCrypto.cpp'
         Invoking 'g++'
         g++ -c -x c++ /home/robin/projects/ServerSeckey/ServerOP.cpp -g2 -gdwarf-2 -o "/home/robin/projects/ServerSeckey/obj/x64/Debug/ServerOP.o" -Wall -Wswitch -W"no-deprecated-declarations" -W"empty-body" -Wconversion -W"return-type" -Wparentheses -W"no-format" -Wuninitialized -W"unreachable-code" -W"unused-function" -W"unused-value" -W"unused-variable" -O0 -fno-strict-aliasing -fno-omit-frame-pointer -fthreadsafe-statics -fexceptions -frtti -std=c++11
         ServerOP.cpp
     1>D:\Videos\36期-项目1\day10 - 共享内存和数据库操作\04-代码\ServerSeckey\ServerSeckey\ServerOP.cpp(30,9): warning : conversion to ‘short unsigned int’ from ‘Json::Value::Int {aka int}’ may alter its value [-Wconversion]
D:\Videos\36期-项目1\day10 - 共享内存和数据库操作\04-代码\ServerSeckey\ServerSeckey\ServerOP.cpp(30,9): warning :   m_port = root["Port"].asInt();
D:\Videos\36期-项目1\day10 - 共享内存和数据库操作\04-代码\ServerSeckey\ServerSeckey\ServerOP.cpp(30,9): warning :          ^
     1>D:\Videos\36期-项目1\day10 - 共享内存和数据库操作\04-代码\ServerSeckey\ServerSeckey\ServerOP.cpp(126,13): warning : ISO C++ forbids converting a string constant to ‘char*’ [-Wwrite-strings]
D:\Videos\36期-项目1\day10 - 共享内存和数据库操作\04-代码\ServerSeckey\ServerSeckey\ServerOP.cpp(126,13): warning :   char *cs = "~!@#$%^&*()_+}{|\';[]";
D:\Videos\36期-项目1\day10 - 共享内存和数据库操作\04-代码\ServerSeckey\ServerSeckey\ServerOP.cpp(126,13): warning :              ^
     1>D:\Videos\36期-项目1\day10 - 共享内存和数据库操作\04-代码\ServerSeckey\ServerSeckey\ServerOP.cpp(133,39): warning : conversion to ‘char’ from ‘int’ may alter its value [-Wconversion]
D:\Videos\36期-项目1\day10 - 共享内存和数据库操作\04-代码\ServerSeckey\ServerSeckey\ServerOP.cpp(133,39): warning :     randStr.append(1, 'a' + rand() % 26);
D:\Videos\36期-项目1\day10 - 共享内存和数据库操作\04-代码\ServerSeckey\ServerSeckey\ServerOP.cpp(133,39): warning :                                        ^
     1>D:\Videos\36期-项目1\day10 - 共享内存和数据库操作\04-代码\ServerSeckey\ServerSeckey\ServerOP.cpp(136,39): warning : conversion to ‘char’ from ‘int’ may alter its value [-Wconversion]
D:\Videos\36期-项目1\day10 - 共享内存和数据库操作\04-代码\ServerSeckey\ServerSeckey\ServerOP.cpp(136,39): warning :     randStr.append(1, 'A' + rand() % 26);
D:\Videos\36期-项目1\day10 - 共享内存和数据库操作\04-代码\ServerSeckey\ServerSeckey\ServerOP.cpp(136,39): warning :                                        ^
     1>D:\Videos\36期-项目1\day10 - 共享内存和数据库操作\04-代码\ServerSeckey\ServerSeckey\ServerOP.cpp(139,39): warning : conversion to ‘char’ from ‘int’ may alter its value [-Wconversion]
D:\Videos\36期-项目1\day10 - 共享内存和数据库操作\04-代码\ServerSeckey\ServerSeckey\ServerOP.cpp(139,39): warning :     randStr.append(1, '0' + rand() % 10);
D:\Videos\36期-项目1\day10 - 共享内存和数据库操作\04-代码\ServerSeckey\ServerSeckey\ServerOP.cpp(139,39): warning :                                        ^
         Done compiling '/home/robin/projects/ServerSeckey/ServerOP.cpp'
         Invoking 'g++'
         g++ -c -x c++ /home/robin/projects/ServerSeckey/TcpServer.cpp -g2 -gdwarf-2 -o "/home/robin/projects/ServerSeckey/obj/x64/Debug/TcpServer.o" -Wall -Wswitch -W"no-deprecated-declarations" -W"empty-body" -Wconversion -W"return-type" -Wparentheses -W"no-format" -Wuninitialized -W"unreachable-code" -W"unused-function" -W"unused-value" -W"unused-variable" -O0 -fno-strict-aliasing -fno-omit-frame-pointer -fthreadsafe-statics -fexceptions -frtti -std=c++11
         TcpServer.cpp
         Done compiling '/home/robin/projects/ServerSeckey/TcpServer.cpp'
         Invoking 'g++'
         g++ -c -x c++ /home/robin/projects/ServerSeckey/TcpSocket.cpp -g2 -gdwarf-2 -o "/home/robin/projects/ServerSeckey/obj/x64/Debug/TcpSocket.o" -Wall -Wswitch -W"no-deprecated-declarations" -W"empty-body" -Wconversion -W"return-type" -Wparentheses -W"no-format" -Wuninitialized -W"unreachable-code" -W"unused-function" -W"unused-value" -W"unused-variable" -O0 -fno-strict-aliasing -fno-omit-frame-pointer -fthreadsafe-statics -fexceptions -frtti -std=c++11
         TcpSocket.cpp
     1>D:\Videos\36期-项目1\day10 - 共享内存和数据库操作\04-代码\ServerSeckey\ServerSeckey\TcpSocket.cpp(75,35): warning : conversion to ‘int’ from ‘std::__cxx11::basic_string<char>::size_type {aka long unsigned int}’ may alter its value [-Wconversion]
D:\Videos\36期-项目1\day10 - 共享内存和数据库操作\04-代码\ServerSeckey\ServerSeckey\TcpSocket.cpp(75,35): warning :    int dataLen = sendData.size() + 4;
D:\Videos\36期-项目1\day10 - 共享内存和数据库操作\04-代码\ServerSeckey\ServerSeckey\TcpSocket.cpp(75,35): warning :                                    ^
     1>D:\Videos\36期-项目1\day10 - 共享内存和数据库操作\04-代码\ServerSeckey\ServerSeckey\TcpSocket.cpp(85,37): warning : conversion to ‘uint32_t {aka unsigned int}’ from ‘std::__cxx11::basic_string<char>::size_type {aka long unsigned int}’ may alter its value [-Wconversion]
D:\Videos\36期-项目1\day10 - 共享内存和数据库操作\04-代码\ServerSeckey\ServerSeckey\TcpSocket.cpp(85,37): warning :    int netlen = htonl(sendData.size());
D:\Videos\36期-项目1\day10 - 共享内存和数据库操作\04-代码\ServerSeckey\ServerSeckey\TcpSocket.cpp(85,37): warning :                                      ^
     1>D:\Videos\36期-项目1\day10 - 共享内存和数据库操作\04-代码\ServerSeckey\ServerSeckey\TcpSocket.cpp(407,19): warning : conversion to ‘int’ from ‘size_t {aka long unsigned int}’ may alter its value [-Wconversion]
D:\Videos\36期-项目1\day10 - 共享内存和数据库操作\04-代码\ServerSeckey\ServerSeckey\TcpSocket.cpp(407,19): warning :     return count - nleft;
D:\Videos\36期-项目1\day10 - 共享内存和数据库操作\04-代码\ServerSeckey\ServerSeckey\TcpSocket.cpp(407,19): warning :                    ^
         Done compiling '/home/robin/projects/ServerSeckey/TcpSocket.cpp'
         /home/robin/projects/ServerSeckey/RsaCrypto.cpp: In member function ‘void RsaCrypto::parseKeyString(std::__cxx11::string, bool)’:
         /home/robin/projects/ServerSeckey/RsaCrypto.cpp:39:57: warning: conversion to ‘int’ from ‘std::__cxx11::basic_string<char>::size_type {aka long unsigned int}’ may alter its value [-Wconversion]
           BIO* bio = BIO_new_mem_buf(keystr.data(), keystr.size());
                                                                  ^
         /home/robin/projects/ServerSeckey/RsaCrypto.cpp: In member function ‘void RsaCrypto::generateRsakey(int, std::__cxx11::string, std::__cxx11::string)’:
         /home/robin/projects/ServerSeckey/RsaCrypto.cpp:68:18: warning: value computed is not used [-Wunused-value]
           BIO_flush(pubIO);
                           ^
         /home/robin/projects/ServerSeckey/RsaCrypto.cpp:75:19: warning: value computed is not used [-Wunused-value]
           BIO_flush(priBio);
                            ^
         /home/robin/projects/ServerSeckey/RsaCrypto.cpp: In member function ‘std::__cxx11::string RsaCrypto::rsaPubKeyEncrypt(std::__cxx11::string)’:
         /home/robin/projects/ServerSeckey/RsaCrypto.cpp:126:57: warning: conversion to ‘int’ from ‘std::__cxx11::basic_string<char>::size_type {aka long unsigned int}’ may alter its value [-Wconversion]
            (unsigned char*)encode, m_publicKey, RSA_PKCS1_PADDING);
                                                                  ^
         /home/robin/projects/ServerSeckey/RsaCrypto.cpp: In member function ‘std::__cxx11::string RsaCrypto::rsaSign(std::__cxx11::string, SignLevel)’:
         /home/robin/projects/ServerSeckey/RsaCrypto.cpp:176:21: warning: conversion to ‘unsigned int’ from ‘std::__cxx11::basic_string<char>::size_type {aka long unsigned int}’ may alter its value [-Wconversion]
            &len, m_privateKey);
                              ^
         /home/robin/projects/ServerSeckey/RsaCrypto.cpp: In member function ‘bool RsaCrypto::rsaVerify(std::__cxx11::string, std::__cxx11::string, SignLevel)’:
         /home/robin/projects/ServerSeckey/RsaCrypto.cpp:193:50: warning: conversion to ‘unsigned int’ from ‘std::__cxx11::basic_string<char>::size_type {aka long unsigned int}’ may alter its value [-Wconversion]
            (const unsigned char*)sign, keyLen, m_publicKey);
                                                           ^
         /home/robin/projects/ServerSeckey/RsaCrypto.cpp: In member function ‘std::__cxx11::string RsaCrypto::toBase64(const char*, int)’:
         /home/robin/projects/ServerSeckey/RsaCrypto.cpp:213:17: warning: value computed is not used [-Wunused-value]
           BIO_flush(bs64);
                          ^
         /home/robin/projects/ServerSeckey/RsaCrypto.cpp: In member function ‘char* RsaCrypto::fromBase64(std::__cxx11::string)’:
         /home/robin/projects/ServerSeckey/RsaCrypto.cpp:224:24: warning: conversion to ‘int’ from ‘std::__cxx11::basic_string<char>::size_type {aka long unsigned int}’ may alter its value [-Wconversion]
           int length = str.size();
                                 ^
         /home/robin/projects/ServerSeckey/ServerOP.cpp: In constructor ‘ServerOP::ServerOP(std::__cxx11::string)’:
         /home/robin/projects/ServerSeckey/ServerOP.cpp:30:9: warning: conversion to ‘short unsigned int’ from ‘Json::Value::Int {aka int}’ may alter its value [-Wconversion]
           m_port = root["Port"].asInt();
                  ^
         /home/robin/projects/ServerSeckey/ServerOP.cpp: In member function ‘std::__cxx11::string ServerOP::getRandKey(ServerOP::KeyLen)’:
         /home/robin/projects/ServerSeckey/ServerOP.cpp:126:13: warning: ISO C++ forbids converting a string constant to ‘char*’ [-Wwrite-strings]
           char *cs = "~!@#$%^&*()_+}{|\';[]";
                      ^
         /home/robin/projects/ServerSeckey/ServerOP.cpp:133:39: warning: conversion to ‘char’ from ‘int’ may alter its value [-Wconversion]
             randStr.append(1, 'a' + rand() % 26);
                                                ^
         /home/robin/projects/ServerSeckey/ServerOP.cpp:136:39: warning: conversion to ‘char’ from ‘int’ may alter its value [-Wconversion]
             randStr.append(1, 'A' + rand() % 26);
                                                ^
         /home/robin/projects/ServerSeckey/ServerOP.cpp:139:39: warning: conversion to ‘char’ from ‘int’ may alter its value [-Wconversion]
             randStr.append(1, '0' + rand() % 10);
                                                ^
         /home/robin/projects/ServerSeckey/TcpSocket.cpp: In member function ‘int TcpSocket::sendMsg(std::__cxx11::string, int)’:
         /home/robin/projects/ServerSeckey/TcpSocket.cpp:75:35: warning: conversion to ‘int’ from ‘std::__cxx11::basic_string<char>::size_type {aka long unsigned int}’ may alter its value [-Wconversion]
            int dataLen = sendData.size() + 4;
                                            ^
         /home/robin/projects/ServerSeckey/TcpSocket.cpp:85:37: warning: conversion to ‘uint32_t {aka unsigned int}’ from ‘std::__cxx11::basic_string<char>::size_type {aka long unsigned int}’ may alter its value [-Wconversion]
            int netlen = htonl(sendData.size());
                                              ^
         /home/robin/projects/ServerSeckey/TcpSocket.cpp: In member function ‘int TcpSocket::readn(void*, int)’:
         /home/robin/projects/ServerSeckey/TcpSocket.cpp:407:19: warning: conversion to ‘int’ from ‘size_t {aka long unsigned int}’ may alter its value [-Wconversion]
             return count - nleft;
                            ^
         
       Link:
         Linking objects
         Invoking 'ld'
         g++ -o "/home/robin/projects/ServerSeckey/bin/x64/Debug/ServerSeckey.out" -Wl,--no-undefined -Wl,-z,relro -Wl,-z,now -Wl,-z,noexecstack /home/robin/projects/ServerSeckey/obj/x64/Debug/Codec.o /home/robin/projects/ServerSeckey/obj/x64/Debug/CodecFactory.o /home/robin/projects/ServerSeckey/obj/x64/Debug/Hash.o /home/robin/projects/ServerSeckey/obj/x64/Debug/main.o /home/robin/projects/ServerSeckey/obj/x64/Debug/Message.pb.o /home/robin/projects/ServerSeckey/obj/x64/Debug/RequestCodec.o /home/robin/projects/ServerSeckey/obj/x64/Debug/RequestFactory.o /home/robin/projects/ServerSeckey/obj/x64/Debug/RespondCodec.o /home/robin/projects/ServerSeckey/obj/x64/Debug/RespondFactory.o /home/robin/projects/ServerSeckey/obj/x64/Debug/RsaCrypto.o /home/robin/projects/ServerSeckey/obj/x64/Debug/ServerOP.o /home/robin/projects/ServerSeckey/obj/x64/Debug/TcpServer.o /home/robin/projects/ServerSeckey/obj/x64/Debug/TcpSocket.o -lpthread -ljson -lcrypto -lprotobuf
         Done linking, output file name: '/home/robin/projects/ServerSeckey/bin/x64/Debug/ServerSeckey.out'
         Copying file '/home/robin/projects/ServerSeckey/bin/x64/Debug/ServerSeckey.out' to 'D:\Videos\36期-项目1\day10 - 共享内存和数据库操作\04-代码\ServerSeckey\ServerSeckey\bin\x64\Debug\ServerSeckey.out'
         ServerSeckey.vcxproj -> D:\Videos\36期-项目1\day10 - 共享内存和数据库操作\04-代码\ServerSeckey\ServerSeckey\bin\x64\Debug\ServerSeckey.out
       FinalizeBuildStatus:
         正在删除文件“D:\Videos\36期-项目1\day10 - 共享内存和数据库操作\04-代码\ServerSeckey\ServerSeckey\obj\x64\Debug\ServerSeckey.tlog\unsuccessfulbuild”。
         正在对“D:\Videos\36期-项目1\day10 - 共享内存和数据库操作\04-代码\ServerSeckey\ServerSeckey\obj\x64\Debug\ServerSeckey.tlog\ServerSeckey.lastbuildstate”执行 Touch 任务。
     1>已完成生成项目“D:\Videos\36期-项目1\day10 - 共享内存和数据库操作\04-代码\ServerSeckey\ServerSeckey\ServerSeckey.vcxproj”(Rebuild 个目标)的操作。

已成功生成。

       “D:\Videos\36期-项目1\day10 - 共享内存和数据库操作\04-代码\ServerSeckey\ServerSeckey\ServerSeckey.vcxproj”(Rebuild 目标) (1) ->
       (ClCompile 目标) -> 
         D:\Videos\36期-项目1\day10 - 共享内存和数据库操作\04-代码\ServerSeckey\ServerSeckey\RsaCrypto.cpp(39,57): warning : conversion to ‘int’ from ‘std::__cxx11::basic_string<char>::size_type {aka long unsigned int}’ may alter its value [-Wconversion]
       D:\Videos\36期-项目1\day10 - 共享内存和数据库操作\04-代码\ServerSeckey\ServerSeckey\RsaCrypto.cpp(39,57): warning :   BIO* bio = BIO_new_mem_buf(keystr.data(), keystr.size());
       D:\Videos\36期-项目1\day10 - 共享内存和数据库操作\04-代码\ServerSeckey\ServerSeckey\RsaCrypto.cpp(39,57): warning :                                                          ^
         D:\Videos\36期-项目1\day10 - 共享内存和数据库操作\04-代码\ServerSeckey\ServerSeckey\RsaCrypto.cpp(68,18): warning : value computed is not used [-Wunused-value]
       D:\Videos\36期-项目1\day10 - 共享内存和数据库操作\04-代码\ServerSeckey\ServerSeckey\RsaCrypto.cpp(68,18): warning :   BIO_flush(pubIO);
       D:\Videos\36期-项目1\day10 - 共享内存和数据库操作\04-代码\ServerSeckey\ServerSeckey\RsaCrypto.cpp(68,18): warning :                   ^
         D:\Videos\36期-项目1\day10 - 共享内存和数据库操作\04-代码\ServerSeckey\ServerSeckey\RsaCrypto.cpp(75,19): warning : value computed is not used [-Wunused-value]
       D:\Videos\36期-项目1\day10 - 共享内存和数据库操作\04-代码\ServerSeckey\ServerSeckey\RsaCrypto.cpp(75,19): warning :   BIO_flush(priBio);
       D:\Videos\36期-项目1\day10 - 共享内存和数据库操作\04-代码\ServerSeckey\ServerSeckey\RsaCrypto.cpp(75,19): warning :                    ^
         D:\Videos\36期-项目1\day10 - 共享内存和数据库操作\04-代码\ServerSeckey\ServerSeckey\RsaCrypto.cpp(126,57): warning : conversion to ‘int’ from ‘std::__cxx11::basic_string<char>::size_type {aka long unsigned int}’ may alter its value [-Wconversion]
       D:\Videos\36期-项目1\day10 - 共享内存和数据库操作\04-代码\ServerSeckey\ServerSeckey\RsaCrypto.cpp(126,57): warning :    (unsigned char*)encode, m_publicKey, RSA_PKCS1_PADDING);
       D:\Videos\36期-项目1\day10 - 共享内存和数据库操作\04-代码\ServerSeckey\ServerSeckey\RsaCrypto.cpp(126,57): warning :                                                          ^
         D:\Videos\36期-项目1\day10 - 共享内存和数据库操作\04-代码\ServerSeckey\ServerSeckey\RsaCrypto.cpp(176,21): warning : conversion to ‘unsigned int’ from ‘std::__cxx11::basic_string<char>::size_type {aka long unsigned int}’ may alter its value [-Wconversion]
       D:\Videos\36期-项目1\day10 - 共享内存和数据库操作\04-代码\ServerSeckey\ServerSeckey\RsaCrypto.cpp(176,21): warning :    &len, m_privateKey);
       D:\Videos\36期-项目1\day10 - 共享内存和数据库操作\04-代码\ServerSeckey\ServerSeckey\RsaCrypto.cpp(176,21): warning :                      ^
         D:\Videos\36期-项目1\day10 - 共享内存和数据库操作\04-代码\ServerSeckey\ServerSeckey\RsaCrypto.cpp(193,50): warning : conversion to ‘unsigned int’ from ‘std::__cxx11::basic_string<char>::size_type {aka long unsigned int}’ may alter its value [-Wconversion]
       D:\Videos\36期-项目1\day10 - 共享内存和数据库操作\04-代码\ServerSeckey\ServerSeckey\RsaCrypto.cpp(193,50): warning :    (const unsigned char*)sign, keyLen, m_publicKey);
       D:\Videos\36期-项目1\day10 - 共享内存和数据库操作\04-代码\ServerSeckey\ServerSeckey\RsaCrypto.cpp(193,50): warning :                                                   ^
         D:\Videos\36期-项目1\day10 - 共享内存和数据库操作\04-代码\ServerSeckey\ServerSeckey\RsaCrypto.cpp(213,17): warning : value computed is not used [-Wunused-value]
       D:\Videos\36期-项目1\day10 - 共享内存和数据库操作\04-代码\ServerSeckey\ServerSeckey\RsaCrypto.cpp(213,17): warning :   BIO_flush(bs64);
       D:\Videos\36期-项目1\day10 - 共享内存和数据库操作\04-代码\ServerSeckey\ServerSeckey\RsaCrypto.cpp(213,17): warning :                  ^
         D:\Videos\36期-项目1\day10 - 共享内存和数据库操作\04-代码\ServerSeckey\ServerSeckey\RsaCrypto.cpp(224,24): warning : conversion to ‘int’ from ‘std::__cxx11::basic_string<char>::size_type {aka long unsigned int}’ may alter its value [-Wconversion]
       D:\Videos\36期-项目1\day10 - 共享内存和数据库操作\04-代码\ServerSeckey\ServerSeckey\RsaCrypto.cpp(224,24): warning :   int length = str.size();
       D:\Videos\36期-项目1\day10 - 共享内存和数据库操作\04-代码\ServerSeckey\ServerSeckey\RsaCrypto.cpp(224,24): warning :                         ^
         D:\Videos\36期-项目1\day10 - 共享内存和数据库操作\04-代码\ServerSeckey\ServerSeckey\ServerOP.cpp(30,9): warning : conversion to ‘short unsigned int’ from ‘Json::Value::Int {aka int}’ may alter its value [-Wconversion]
       D:\Videos\36期-项目1\day10 - 共享内存和数据库操作\04-代码\ServerSeckey\ServerSeckey\ServerOP.cpp(30,9): warning :   m_port = root["Port"].asInt();
       D:\Videos\36期-项目1\day10 - 共享内存和数据库操作\04-代码\ServerSeckey\ServerSeckey\ServerOP.cpp(30,9): warning :          ^
         D:\Videos\36期-项目1\day10 - 共享内存和数据库操作\04-代码\ServerSeckey\ServerSeckey\ServerOP.cpp(126,13): warning : ISO C++ forbids converting a string constant to ‘char*’ [-Wwrite-strings]
       D:\Videos\36期-项目1\day10 - 共享内存和数据库操作\04-代码\ServerSeckey\ServerSeckey\ServerOP.cpp(126,13): warning :   char *cs = "~!@#$%^&*()_+}{|\';[]";
       D:\Videos\36期-项目1\day10 - 共享内存和数据库操作\04-代码\ServerSeckey\ServerSeckey\ServerOP.cpp(126,13): warning :              ^
         D:\Videos\36期-项目1\day10 - 共享内存和数据库操作\04-代码\ServerSeckey\ServerSeckey\ServerOP.cpp(133,39): warning : conversion to ‘char’ from ‘int’ may alter its value [-Wconversion]
       D:\Videos\36期-项目1\day10 - 共享内存和数据库操作\04-代码\ServerSeckey\ServerSeckey\ServerOP.cpp(133,39): warning :     randStr.append(1, 'a' + rand() % 26);
       D:\Videos\36期-项目1\day10 - 共享内存和数据库操作\04-代码\ServerSeckey\ServerSeckey\ServerOP.cpp(133,39): warning :                                        ^
         D:\Videos\36期-项目1\day10 - 共享内存和数据库操作\04-代码\ServerSeckey\ServerSeckey\ServerOP.cpp(136,39): warning : conversion to ‘char’ from ‘int’ may alter its value [-Wconversion]
       D:\Videos\36期-项目1\day10 - 共享内存和数据库操作\04-代码\ServerSeckey\ServerSeckey\ServerOP.cpp(136,39): warning :     randStr.append(1, 'A' + rand() % 26);
       D:\Videos\36期-项目1\day10 - 共享内存和数据库操作\04-代码\ServerSeckey\ServerSeckey\ServerOP.cpp(136,39): warning :                                        ^
         D:\Videos\36期-项目1\day10 - 共享内存和数据库操作\04-代码\ServerSeckey\ServerSeckey\ServerOP.cpp(139,39): warning : conversion to ‘char’ from ‘int’ may alter its value [-Wconversion]
       D:\Videos\36期-项目1\day10 - 共享内存和数据库操作\04-代码\ServerSeckey\ServerSeckey\ServerOP.cpp(139,39): warning :     randStr.append(1, '0' + rand() % 10);
       D:\Videos\36期-项目1\day10 - 共享内存和数据库操作\04-代码\ServerSeckey\ServerSeckey\ServerOP.cpp(139,39): warning :                                        ^
         D:\Videos\36期-项目1\day10 - 共享内存和数据库操作\04-代码\ServerSeckey\ServerSeckey\TcpSocket.cpp(75,35): warning : conversion to ‘int’ from ‘std::__cxx11::basic_string<char>::size_type {aka long unsigned int}’ may alter its value [-Wconversion]
       D:\Videos\36期-项目1\day10 - 共享内存和数据库操作\04-代码\ServerSeckey\ServerSeckey\TcpSocket.cpp(75,35): warning :    int dataLen = sendData.size() + 4;
       D:\Videos\36期-项目1\day10 - 共享内存和数据库操作\04-代码\ServerSeckey\ServerSeckey\TcpSocket.cpp(75,35): warning :                                    ^
         D:\Videos\36期-项目1\day10 - 共享内存和数据库操作\04-代码\ServerSeckey\ServerSeckey\TcpSocket.cpp(85,37): warning : conversion to ‘uint32_t {aka unsigned int}’ from ‘std::__cxx11::basic_string<char>::size_type {aka long unsigned int}’ may alter its value [-Wconversion]
       D:\Videos\36期-项目1\day10 - 共享内存和数据库操作\04-代码\ServerSeckey\ServerSeckey\TcpSocket.cpp(85,37): warning :    int netlen = htonl(sendData.size());
       D:\Videos\36期-项目1\day10 - 共享内存和数据库操作\04-代码\ServerSeckey\ServerSeckey\TcpSocket.cpp(85,37): warning :                                      ^
         D:\Videos\36期-项目1\day10 - 共享内存和数据库操作\04-代码\ServerSeckey\ServerSeckey\TcpSocket.cpp(407,19): warning : conversion to ‘int’ from ‘size_t {aka long unsigned int}’ may alter its value [-Wconversion]
       D:\Videos\36期-项目1\day10 - 共享内存和数据库操作\04-代码\ServerSeckey\ServerSeckey\TcpSocket.cpp(407,19): warning :     return count - nleft;
       D:\Videos\36期-项目1\day10 - 共享内存和数据库操作\04-代码\ServerSeckey\ServerSeckey\TcpSocket.cpp(407,19): warning :                    ^

    16 个警告
    0 个错误

已用时间 00:00:46.66
