生成启动时间为 2019/9/7 10:14:03。
     1>项目“D:\Videos\36期-项目1\day12 - 外联接口-项目总结\04-代码\ClientSecKey\ClientSecKey\ClientSecKey.vcxproj”在节点 2 上(Build 个目标)。
     1>InitializeBuildStatus:
         正在创建“D:\Videos\36期-项目1\day12 - 外联接口-项目总结\04-代码\ClientSecKey\ClientSecKey\obj\x64\Debug\ClientSecKey.tlog\unsuccessfulbuild”，因为已指定“AlwaysCreate”。
       _ValidateSources:
         Validating sources
       _CopySources:
         Copying sources remotely to '192.168.237.166'
         Skipping 'D:\Videos\36期-项目1\day12 - 外联接口-项目总结\04-代码\ClientSecKey\ClientSecKey\BaseShm.cpp', as it is up to date.
         Copying file 'D:\Videos\36期-项目1\day12 - 外联接口-项目总结\04-代码\ClientSecKey\ClientSecKey\ClientOP.cpp' to '/root/projects/ClientSecKey/ClientOP.cpp'
         Skipping 'D:\Videos\36期-项目1\day12 - 外联接口-项目总结\04-代码\ClientSecKey\ClientSecKey\Codec.cpp', as it is up to date.
         Skipping 'D:\Videos\36期-项目1\day12 - 外联接口-项目总结\04-代码\ClientSecKey\ClientSecKey\CodecFactory.cpp', as it is up to date.
         Skipping 'D:\Videos\36期-项目1\day12 - 外联接口-项目总结\04-代码\ClientSecKey\ClientSecKey\Hash.cpp', as it is up to date.
         Skipping 'D:\Videos\36期-项目1\day12 - 外联接口-项目总结\04-代码\ClientSecKey\ClientSecKey\main.cpp', as it is up to date.
         Skipping 'D:\Videos\36期-项目1\day12 - 外联接口-项目总结\04-代码\ClientSecKey\ClientSecKey\Message.pb.cc', as it is up to date.
         Skipping 'D:\Videos\36期-项目1\day12 - 外联接口-项目总结\04-代码\ClientSecKey\ClientSecKey\RequestCodec.cpp', as it is up to date.
         Skipping 'D:\Videos\36期-项目1\day12 - 外联接口-项目总结\04-代码\ClientSecKey\ClientSecKey\RequestFactory.cpp', as it is up to date.
         Skipping 'D:\Videos\36期-项目1\day12 - 外联接口-项目总结\04-代码\ClientSecKey\ClientSecKey\RespondCodec.cpp', as it is up to date.
         Skipping 'D:\Videos\36期-项目1\day12 - 外联接口-项目总结\04-代码\ClientSecKey\ClientSecKey\RespondFactory.cpp', as it is up to date.
         Skipping 'D:\Videos\36期-项目1\day12 - 外联接口-项目总结\04-代码\ClientSecKey\ClientSecKey\RsaCrypto.cpp', as it is up to date.
         Skipping 'D:\Videos\36期-项目1\day12 - 外联接口-项目总结\04-代码\ClientSecKey\ClientSecKey\SecKeyShm.cpp', as it is up to date.
         Skipping 'D:\Videos\36期-项目1\day12 - 外联接口-项目总结\04-代码\ClientSecKey\ClientSecKey\TcpSocket.cpp', as it is up to date.
         Skipping 'D:\Videos\36期-项目1\day12 - 外联接口-项目总结\04-代码\ClientSecKey\ClientSecKey\BaseShm.h', as it is up to date.
         Copying file 'D:\Videos\36期-项目1\day12 - 外联接口-项目总结\04-代码\ClientSecKey\ClientSecKey\ClientOP.h' to '/root/projects/ClientSecKey/ClientOP.h'
         Skipping 'D:\Videos\36期-项目1\day12 - 外联接口-项目总结\04-代码\ClientSecKey\ClientSecKey\Codec.h', as it is up to date.
         Skipping 'D:\Videos\36期-项目1\day12 - 外联接口-项目总结\04-代码\ClientSecKey\ClientSecKey\CodecFactory.h', as it is up to date.
         Skipping 'D:\Videos\36期-项目1\day12 - 外联接口-项目总结\04-代码\ClientSecKey\ClientSecKey\Hash.h', as it is up to date.
         Skipping 'D:\Videos\36期-项目1\day12 - 外联接口-项目总结\04-代码\ClientSecKey\ClientSecKey\Message.pb.h', as it is up to date.
         Skipping 'D:\Videos\36期-项目1\day12 - 外联接口-项目总结\04-代码\ClientSecKey\ClientSecKey\RequestCodec.h', as it is up to date.
         Skipping 'D:\Videos\36期-项目1\day12 - 外联接口-项目总结\04-代码\ClientSecKey\ClientSecKey\RequestFactory.h', as it is up to date.
         Skipping 'D:\Videos\36期-项目1\day12 - 外联接口-项目总结\04-代码\ClientSecKey\ClientSecKey\RespondCodec.h', as it is up to date.
         Skipping 'D:\Videos\36期-项目1\day12 - 外联接口-项目总结\04-代码\ClientSecKey\ClientSecKey\RespondFactory.h', as it is up to date.
         Skipping 'D:\Videos\36期-项目1\day12 - 外联接口-项目总结\04-代码\ClientSecKey\ClientSecKey\RsaCrypto.h', as it is up to date.
         Copying file 'D:\Videos\36期-项目1\day12 - 外联接口-项目总结\04-代码\ClientSecKey\ClientSecKey\SecKeyShm.h' to '/root/projects/ClientSecKey/SecKeyShm.h'
         Skipping 'D:\Videos\36期-项目1\day12 - 外联接口-项目总结\04-代码\ClientSecKey\ClientSecKey\TcpSocket.h', as it is up to date.
         Skipping 'D:\Videos\36期-项目1\day12 - 外联接口-项目总结\04-代码\ClientSecKey\ClientSecKey\Message.proto', as it is up to date.
       _ValidateValidArchitecture:
         Validating architecture
         Current project architecture 'x64' is compatible with the remote system architecture 'x64' ('x64').
       ClCompile:
         Starting remote build
         Compiling sources:
         Invoking 'g++'
         g++ -c -x c++ /root/projects/ClientSecKey/BaseShm.cpp -I "/root/projects/ClientSecKey/../../../../day08 - 秘钥协商/04-代码/ClientSecKey/ClientSecKey/json" -g2 -gdwarf-2 -o "/root/projects/ClientSecKey/obj/x64/Debug/BaseShm.o" -Wall -Wswitch -W"no-deprecated-declarations" -W"empty-body" -Wconversion -W"return-type" -Wparentheses -W"no-format" -Wuninitialized -W"unreachable-code" -W"unused-function" -W"unused-value" -W"unused-variable" -O0 -fno-strict-aliasing -fno-omit-frame-pointer -fthreadsafe-statics -fexceptions -frtti -std=c++11
         BaseShm.cpp
         Done compiling '/root/projects/ClientSecKey/BaseShm.cpp'
         Invoking 'g++'
         g++ -c -x c++ /root/projects/ClientSecKey/ClientOP.cpp -I "/root/projects/ClientSecKey/../../../../day08 - 秘钥协商/04-代码/ClientSecKey/ClientSecKey/json" -g2 -gdwarf-2 -o "/root/projects/ClientSecKey/obj/x64/Debug/ClientOP.o" -Wall -Wswitch -W"no-deprecated-declarations" -W"empty-body" -Wconversion -W"return-type" -Wparentheses -W"no-format" -Wuninitialized -W"unreachable-code" -W"unused-function" -W"unused-value" -W"unused-variable" -O0 -fno-strict-aliasing -fno-omit-frame-pointer -fthreadsafe-statics -fexceptions -frtti -std=c++11
         ClientOP.cpp
         Done compiling '/root/projects/ClientSecKey/ClientOP.cpp'
         Invoking 'g++'
         g++ -c -x c++ /root/projects/ClientSecKey/Codec.cpp -I "/root/projects/ClientSecKey/../../../../day08 - 秘钥协商/04-代码/ClientSecKey/ClientSecKey/json" -g2 -gdwarf-2 -o "/root/projects/ClientSecKey/obj/x64/Debug/Codec.o" -Wall -Wswitch -W"no-deprecated-declarations" -W"empty-body" -Wconversion -W"return-type" -Wparentheses -W"no-format" -Wuninitialized -W"unreachable-code" -W"unused-function" -W"unused-value" -W"unused-variable" -O0 -fno-strict-aliasing -fno-omit-frame-pointer -fthreadsafe-statics -fexceptions -frtti -std=c++11
         Codec.cpp
         Done compiling '/root/projects/ClientSecKey/Codec.cpp'
         Invoking 'g++'
         g++ -c -x c++ /root/projects/ClientSecKey/CodecFactory.cpp -I "/root/projects/ClientSecKey/../../../../day08 - 秘钥协商/04-代码/ClientSecKey/ClientSecKey/json" -g2 -gdwarf-2 -o "/root/projects/ClientSecKey/obj/x64/Debug/CodecFactory.o" -Wall -Wswitch -W"no-deprecated-declarations" -W"empty-body" -Wconversion -W"return-type" -Wparentheses -W"no-format" -Wuninitialized -W"unreachable-code" -W"unused-function" -W"unused-value" -W"unused-variable" -O0 -fno-strict-aliasing -fno-omit-frame-pointer -fthreadsafe-statics -fexceptions -frtti -std=c++11
         CodecFactory.cpp
         Done compiling '/root/projects/ClientSecKey/CodecFactory.cpp'
         Invoking 'g++'
         g++ -c -x c++ /root/projects/ClientSecKey/Hash.cpp -I "/root/projects/ClientSecKey/../../../../day08 - 秘钥协商/04-代码/ClientSecKey/ClientSecKey/json" -g2 -gdwarf-2 -o "/root/projects/ClientSecKey/obj/x64/Debug/Hash.o" -Wall -Wswitch -W"no-deprecated-declarations" -W"empty-body" -Wconversion -W"return-type" -Wparentheses -W"no-format" -Wuninitialized -W"unreachable-code" -W"unused-function" -W"unused-value" -W"unused-variable" -O0 -fno-strict-aliasing -fno-omit-frame-pointer -fthreadsafe-statics -fexceptions -frtti -std=c++11
         Hash.cpp
         Done compiling '/root/projects/ClientSecKey/Hash.cpp'
         Invoking 'g++'
         g++ -c -x c++ /root/projects/ClientSecKey/main.cpp -I "/root/projects/ClientSecKey/../../../../day08 - 秘钥协商/04-代码/ClientSecKey/ClientSecKey/json" -g2 -gdwarf-2 -o "/root/projects/ClientSecKey/obj/x64/Debug/main.o" -Wall -Wswitch -W"no-deprecated-declarations" -W"empty-body" -Wconversion -W"return-type" -Wparentheses -W"no-format" -Wuninitialized -W"unreachable-code" -W"unused-function" -W"unused-value" -W"unused-variable" -O0 -fno-strict-aliasing -fno-omit-frame-pointer -fthreadsafe-statics -fexceptions -frtti -std=c++11
         main.cpp
         Done compiling '/root/projects/ClientSecKey/main.cpp'
         Invoking 'g++'
         g++ -c -x c++ /root/projects/ClientSecKey/Message.pb.cc -I "/root/projects/ClientSecKey/../../../../day08 - 秘钥协商/04-代码/ClientSecKey/ClientSecKey/json" -g2 -gdwarf-2 -o "/root/projects/ClientSecKey/obj/x64/Debug/Message.pb.o" -Wall -Wswitch -W"no-deprecated-declarations" -W"empty-body" -Wconversion -W"return-type" -Wparentheses -W"no-format" -Wuninitialized -W"unreachable-code" -W"unused-function" -W"unused-value" -W"unused-variable" -O0 -fno-strict-aliasing -fno-omit-frame-pointer -fthreadsafe-statics -fexceptions -frtti -std=c++11
         Message.pb.cc
         Done compiling '/root/projects/ClientSecKey/Message.pb.cc'
         Invoking 'g++'
         g++ -c -x c++ /root/projects/ClientSecKey/RequestCodec.cpp -I "/root/projects/ClientSecKey/../../../../day08 - 秘钥协商/04-代码/ClientSecKey/ClientSecKey/json" -g2 -gdwarf-2 -o "/root/projects/ClientSecKey/obj/x64/Debug/RequestCodec.o" -Wall -Wswitch -W"no-deprecated-declarations" -W"empty-body" -Wconversion -W"return-type" -Wparentheses -W"no-format" -Wuninitialized -W"unreachable-code" -W"unused-function" -W"unused-value" -W"unused-variable" -O0 -fno-strict-aliasing -fno-omit-frame-pointer -fthreadsafe-statics -fexceptions -frtti -std=c++11
         RequestCodec.cpp
         Done compiling '/root/projects/ClientSecKey/RequestCodec.cpp'
         Invoking 'g++'
         g++ -c -x c++ /root/projects/ClientSecKey/RequestFactory.cpp -I "/root/projects/ClientSecKey/../../../../day08 - 秘钥协商/04-代码/ClientSecKey/ClientSecKey/json" -g2 -gdwarf-2 -o "/root/projects/ClientSecKey/obj/x64/Debug/RequestFactory.o" -Wall -Wswitch -W"no-deprecated-declarations" -W"empty-body" -Wconversion -W"return-type" -Wparentheses -W"no-format" -Wuninitialized -W"unreachable-code" -W"unused-function" -W"unused-value" -W"unused-variable" -O0 -fno-strict-aliasing -fno-omit-frame-pointer -fthreadsafe-statics -fexceptions -frtti -std=c++11
         RequestFactory.cpp
         Done compiling '/root/projects/ClientSecKey/RequestFactory.cpp'
         Invoking 'g++'
         g++ -c -x c++ /root/projects/ClientSecKey/RespondCodec.cpp -I "/root/projects/ClientSecKey/../../../../day08 - 秘钥协商/04-代码/ClientSecKey/ClientSecKey/json" -g2 -gdwarf-2 -o "/root/projects/ClientSecKey/obj/x64/Debug/RespondCodec.o" -Wall -Wswitch -W"no-deprecated-declarations" -W"empty-body" -Wconversion -W"return-type" -Wparentheses -W"no-format" -Wuninitialized -W"unreachable-code" -W"unused-function" -W"unused-value" -W"unused-variable" -O0 -fno-strict-aliasing -fno-omit-frame-pointer -fthreadsafe-statics -fexceptions -frtti -std=c++11
         RespondCodec.cpp
         Done compiling '/root/projects/ClientSecKey/RespondCodec.cpp'
         Invoking 'g++'
         g++ -c -x c++ /root/projects/ClientSecKey/RespondFactory.cpp -I "/root/projects/ClientSecKey/../../../../day08 - 秘钥协商/04-代码/ClientSecKey/ClientSecKey/json" -g2 -gdwarf-2 -o "/root/projects/ClientSecKey/obj/x64/Debug/RespondFactory.o" -Wall -Wswitch -W"no-deprecated-declarations" -W"empty-body" -Wconversion -W"return-type" -Wparentheses -W"no-format" -Wuninitialized -W"unreachable-code" -W"unused-function" -W"unused-value" -W"unused-variable" -O0 -fno-strict-aliasing -fno-omit-frame-pointer -fthreadsafe-statics -fexceptions -frtti -std=c++11
         RespondFactory.cpp
         Done compiling '/root/projects/ClientSecKey/RespondFactory.cpp'
         Invoking 'g++'
         g++ -c -x c++ /root/projects/ClientSecKey/RsaCrypto.cpp -I "/root/projects/ClientSecKey/../../../../day08 - 秘钥协商/04-代码/ClientSecKey/ClientSecKey/json" -g2 -gdwarf-2 -o "/root/projects/ClientSecKey/obj/x64/Debug/RsaCrypto.o" -Wall -Wswitch -W"no-deprecated-declarations" -W"empty-body" -Wconversion -W"return-type" -Wparentheses -W"no-format" -Wuninitialized -W"unreachable-code" -W"unused-function" -W"unused-value" -W"unused-variable" -O0 -fno-strict-aliasing -fno-omit-frame-pointer -fthreadsafe-statics -fexceptions -frtti -std=c++11
         RsaCrypto.cpp
         Done compiling '/root/projects/ClientSecKey/RsaCrypto.cpp'
         Invoking 'g++'
         g++ -c -x c++ /root/projects/ClientSecKey/SecKeyShm.cpp -I "/root/projects/ClientSecKey/../../../../day08 - 秘钥协商/04-代码/ClientSecKey/ClientSecKey/json" -g2 -gdwarf-2 -o "/root/projects/ClientSecKey/obj/x64/Debug/SecKeyShm.o" -Wall -Wswitch -W"no-deprecated-declarations" -W"empty-body" -Wconversion -W"return-type" -Wparentheses -W"no-format" -Wuninitialized -W"unreachable-code" -W"unused-function" -W"unused-value" -W"unused-variable" -O0 -fno-strict-aliasing -fno-omit-frame-pointer -fthreadsafe-statics -fexceptions -frtti -std=c++11
         SecKeyShm.cpp
         Done compiling '/root/projects/ClientSecKey/SecKeyShm.cpp'
         Invoking 'g++'
         g++ -c -x c++ /root/projects/ClientSecKey/TcpSocket.cpp -I "/root/projects/ClientSecKey/../../../../day08 - 秘钥协商/04-代码/ClientSecKey/ClientSecKey/json" -g2 -gdwarf-2 -o "/root/projects/ClientSecKey/obj/x64/Debug/TcpSocket.o" -Wall -Wswitch -W"no-deprecated-declarations" -W"empty-body" -Wconversion -W"return-type" -Wparentheses -W"no-format" -Wuninitialized -W"unreachable-code" -W"unused-function" -W"unused-value" -W"unused-variable" -O0 -fno-strict-aliasing -fno-omit-frame-pointer -fthreadsafe-statics -fexceptions -frtti -std=c++11
         TcpSocket.cpp
         Done compiling '/root/projects/ClientSecKey/TcpSocket.cpp'
         /root/projects/ClientSecKey/ClientOP.cpp: 在构造函数‘ClientOP::ClientOP(std::string)’中:
         /root/projects/ClientSecKey/ClientOP.cpp:28:35: 警告：‘short unsigned int’转换自‘Json::Value::Int {aka int}’时可能改变值 [-Wconversion]
           m_info.port = root["Port"].asInt();
                                            ^
         /root/projects/ClientSecKey/RsaCrypto.cpp: 在成员函数‘void RsaCrypto::parseKeyString(std::string, bool)’中:
         /root/projects/ClientSecKey/RsaCrypto.cpp:39:56: 警告：‘int’转换自‘std::basic_string<char>::size_type {aka long unsigned int}’时可能改变值 [-Wconversion]
           BIO* bio = BIO_new_mem_buf(keystr.data(), keystr.size());
                                                                 ^
         /root/projects/ClientSecKey/RsaCrypto.cpp: 在成员函数‘void RsaCrypto::generateRsakey(int, std::string, std::string)’中:
         /root/projects/ClientSecKey/RsaCrypto.cpp:68:18: 警告：计算出的值未被使用 [-Wunused-value]
           BIO_flush(pubIO);
                           ^
         /root/projects/ClientSecKey/RsaCrypto.cpp:75:19: 警告：计算出的值未被使用 [-Wunused-value]
           BIO_flush(priBio);
                            ^
         /root/projects/ClientSecKey/RsaCrypto.cpp: 在成员函数‘std::string RsaCrypto::rsaPubKeyEncrypt(std::string)’中:
         /root/projects/ClientSecKey/RsaCrypto.cpp:125:41: 警告：‘int’转换自‘std::basic_string<char>::size_type {aka long unsigned int}’时可能改变值 [-Wconversion]
           int ret = RSA_public_encrypt(data.size(), (const unsigned char*)data.data(),
                                                  ^
         /root/projects/ClientSecKey/RsaCrypto.cpp: 在成员函数‘std::string RsaCrypto::rsaSign(std::string, SignLevel)’中:
         /root/projects/ClientSecKey/RsaCrypto.cpp:175:73: 警告：‘unsigned int’转换自‘std::basic_string<char>::size_type {aka long unsigned int}’时可能改变值 [-Wconversion]
           int ret = RSA_sign(level, (const unsigned char*)data.data(), data.size(), (unsigned char*)signBuf,
                                                                                  ^
         /root/projects/ClientSecKey/RsaCrypto.cpp: 在成员函数‘bool RsaCrypto::rsaVerify(std::string, std::string, SignLevel)’中:
         /root/projects/ClientSecKey/RsaCrypto.cpp:192:75: 警告：‘unsigned int’转换自‘std::basic_string<char>::size_type {aka long unsigned int}’时可能改变值 [-Wconversion]
           int ret = RSA_verify(level, (const unsigned char*)data.data(), data.size(),
                                                                                    ^
         /root/projects/ClientSecKey/RsaCrypto.cpp: 在成员函数‘std::string RsaCrypto::toBase64(const char*, int)’中:
         /root/projects/ClientSecKey/RsaCrypto.cpp:213:17: 警告：计算出的值未被使用 [-Wunused-value]
           BIO_flush(bs64);
                          ^
         /root/projects/ClientSecKey/RsaCrypto.cpp: 在成员函数‘char* RsaCrypto::fromBase64(std::string)’中:
         /root/projects/ClientSecKey/RsaCrypto.cpp:224:24: 警告：‘int’转换自‘std::basic_string<char>::size_type {aka long unsigned int}’时可能改变值 [-Wconversion]
           int length = str.size();
                                 ^
         /root/projects/ClientSecKey/SecKeyShm.cpp: 在构造函数‘SecKeyShm::SecKeyShm(int, int)’中:
         /root/projects/ClientSecKey/SecKeyShm.cpp:7:25: 警告：‘int’转换自‘long unsigned int’时可能改变值 [-Wconversion]
           : BaseShm(key, maxNode * sizeof(NodeSecKeyInfo))
                                  ^
         /root/projects/ClientSecKey/SecKeyShm.cpp: 在构造函数‘SecKeyShm::SecKeyShm(std::string, int)’中:
         /root/projects/ClientSecKey/SecKeyShm.cpp:13:30: 警告：‘int’转换自‘long unsigned int’时可能改变值 [-Wconversion]
           : BaseShm(pathName, maxNode * sizeof(NodeSecKeyInfo))
                                       ^
         /root/projects/ClientSecKey/SecKeyShm.cpp: 在成员函数‘NodeSecKeyInfo SecKeyShm::shmRead(std::string, std::string)’中:
         /root/projects/ClientSecKey/SecKeyShm.cpp:86:6: 警告：未使用的变量‘ret’ [-Wunused-variable]
           int ret = 0;
               ^
         /root/projects/ClientSecKey/TcpSocket.cpp: 在成员函数‘int TcpSocket::sendMsg(std::string, int)’中:
         /root/projects/ClientSecKey/TcpSocket.cpp:75:33: 警告：‘int’转换自‘std::basic_string<char>::size_type {aka long unsigned int}’时可能改变值 [-Wconversion]
            int dataLen = sendData.size() + 4;
                                          ^
         /root/projects/ClientSecKey/TcpSocket.cpp:85:36: 警告：‘uint32_t {aka unsigned int}’转换自‘std::basic_string<char>::size_type {aka long unsigned int}’时可能改变值 [-Wconversion]
            int netlen = htonl(sendData.size());
                                             ^
         /root/projects/ClientSecKey/TcpSocket.cpp: 在成员函数‘int TcpSocket::readn(void*, int)’中:
         /root/projects/ClientSecKey/TcpSocket.cpp:407:17: 警告：‘int’转换自‘size_t {aka long unsigned int}’时可能改变值 [-Wconversion]
             return count - nleft;
                          ^
         
       Link:
         Linking objects
         Invoking 'ld'
         g++ -o "/root/projects/ClientSecKey/bin/x64/Debug/ClientSecKey.out" -Wl,--no-undefined -Wl,-z,relro -Wl,-z,now -Wl,-z,noexecstack /root/projects/ClientSecKey/obj/x64/Debug/BaseShm.o /root/projects/ClientSecKey/obj/x64/Debug/ClientOP.o /root/projects/ClientSecKey/obj/x64/Debug/Codec.o /root/projects/ClientSecKey/obj/x64/Debug/CodecFactory.o /root/projects/ClientSecKey/obj/x64/Debug/Hash.o /root/projects/ClientSecKey/obj/x64/Debug/main.o /root/projects/ClientSecKey/obj/x64/Debug/Message.pb.o /root/projects/ClientSecKey/obj/x64/Debug/RequestCodec.o /root/projects/ClientSecKey/obj/x64/Debug/RequestFactory.o /root/projects/ClientSecKey/obj/x64/Debug/RespondCodec.o /root/projects/ClientSecKey/obj/x64/Debug/RespondFactory.o /root/projects/ClientSecKey/obj/x64/Debug/RsaCrypto.o /root/projects/ClientSecKey/obj/x64/Debug/SecKeyShm.o /root/projects/ClientSecKey/obj/x64/Debug/TcpSocket.o -ljson -lcrypto -lprotobuf
         Done linking, output file name: '/root/projects/ClientSecKey/bin/x64/Debug/ClientSecKey.out'
         Copying file '/root/projects/ClientSecKey/bin/x64/Debug/ClientSecKey.out' to 'D:\Videos\36期-项目1\day12 - 外联接口-项目总结\04-代码\ClientSecKey\ClientSecKey\bin\x64\Debug\ClientSecKey.out'
         ClientSecKey.vcxproj -> D:\Videos\36期-项目1\day12 - 外联接口-项目总结\04-代码\ClientSecKey\ClientSecKey\bin\x64\Debug\ClientSecKey.out
       FinalizeBuildStatus:
         正在删除文件“D:\Videos\36期-项目1\day12 - 外联接口-项目总结\04-代码\ClientSecKey\ClientSecKey\obj\x64\Debug\ClientSecKey.tlog\unsuccessfulbuild”。
         正在对“D:\Videos\36期-项目1\day12 - 外联接口-项目总结\04-代码\ClientSecKey\ClientSecKey\obj\x64\Debug\ClientSecKey.tlog\ClientSecKey.lastbuildstate”执行 Touch 任务。
     1>已完成生成项目“D:\Videos\36期-项目1\day12 - 外联接口-项目总结\04-代码\ClientSecKey\ClientSecKey\ClientSecKey.vcxproj”(Build 个目标)的操作。

已成功生成。
    0 个警告
    0 个错误

已用时间 00:00:32.06
