生成启动时间为 2019/9/5 9:59:22。
     1>项目“D:\Videos\36期-项目1\day10 - 共享内存和数据库操作\04-代码\ClientSecKey\ClientSecKey\ClientSecKey.vcxproj”在节点 2 上(Rebuild 个目标)。
     1>_PrepareForClean:
         正在删除文件“D:\Videos\36期-项目1\day10 - 共享内存和数据库操作\04-代码\ClientSecKey\ClientSecKey\obj\x64\Debug\ClientSecKey.tlog\ClientSecKey.lastbuildstate”。
       _RemoteClean:
         Cleaning remote project directory
       InitializeBuildStatus:
         正在创建“D:\Videos\36期-项目1\day10 - 共享内存和数据库操作\04-代码\ClientSecKey\ClientSecKey\obj\x64\Debug\ClientSecKey.tlog\unsuccessfulbuild”，因为已指定“AlwaysCreate”。
       _ValidateSources:
         Validating sources
       _CopySources:
         Copying sources remotely to '192.168.237.131'
         Copying file 'D:\Videos\36期-项目1\day10 - 共享内存和数据库操作\04-代码\ClientSecKey\ClientSecKey\ClientOP.cpp' to '/home/robin/projects/ClientSecKey/ClientOP.cpp'
         Copying file 'D:\Videos\36期-项目1\day10 - 共享内存和数据库操作\04-代码\ClientSecKey\ClientSecKey\Codec.cpp' to '/home/robin/projects/ClientSecKey/Codec.cpp'
         Copying file 'D:\Videos\36期-项目1\day10 - 共享内存和数据库操作\04-代码\ClientSecKey\ClientSecKey\CodecFactory.cpp' to '/home/robin/projects/ClientSecKey/CodecFactory.cpp'
         Copying file 'D:\Videos\36期-项目1\day10 - 共享内存和数据库操作\04-代码\ClientSecKey\ClientSecKey\Hash.cpp' to '/home/robin/projects/ClientSecKey/Hash.cpp'
         Copying file 'D:\Videos\36期-项目1\day10 - 共享内存和数据库操作\04-代码\ClientSecKey\ClientSecKey\main.cpp' to '/home/robin/projects/ClientSecKey/main.cpp'
         Copying file 'D:\Videos\36期-项目1\day10 - 共享内存和数据库操作\04-代码\ClientSecKey\ClientSecKey\Message.pb.cc' to '/home/robin/projects/ClientSecKey/Message.pb.cc'
         Copying file 'D:\Videos\36期-项目1\day10 - 共享内存和数据库操作\04-代码\ClientSecKey\ClientSecKey\RequestCodec.cpp' to '/home/robin/projects/ClientSecKey/RequestCodec.cpp'
         Copying file 'D:\Videos\36期-项目1\day10 - 共享内存和数据库操作\04-代码\ClientSecKey\ClientSecKey\RequestFactory.cpp' to '/home/robin/projects/ClientSecKey/RequestFactory.cpp'
         Copying file 'D:\Videos\36期-项目1\day10 - 共享内存和数据库操作\04-代码\ClientSecKey\ClientSecKey\RespondCodec.cpp' to '/home/robin/projects/ClientSecKey/RespondCodec.cpp'
         Copying file 'D:\Videos\36期-项目1\day10 - 共享内存和数据库操作\04-代码\ClientSecKey\ClientSecKey\RespondFactory.cpp' to '/home/robin/projects/ClientSecKey/RespondFactory.cpp'
         Copying file 'D:\Videos\36期-项目1\day10 - 共享内存和数据库操作\04-代码\ClientSecKey\ClientSecKey\RsaCrypto.cpp' to '/home/robin/projects/ClientSecKey/RsaCrypto.cpp'
         Copying file 'D:\Videos\36期-项目1\day10 - 共享内存和数据库操作\04-代码\ClientSecKey\ClientSecKey\TcpSocket.cpp' to '/home/robin/projects/ClientSecKey/TcpSocket.cpp'
         Copying file 'D:\Videos\36期-项目1\day10 - 共享内存和数据库操作\04-代码\ClientSecKey\ClientSecKey\ClientOP.h' to '/home/robin/projects/ClientSecKey/ClientOP.h'
         Copying file 'D:\Videos\36期-项目1\day10 - 共享内存和数据库操作\04-代码\ClientSecKey\ClientSecKey\Codec.h' to '/home/robin/projects/ClientSecKey/Codec.h'
         Copying file 'D:\Videos\36期-项目1\day10 - 共享内存和数据库操作\04-代码\ClientSecKey\ClientSecKey\CodecFactory.h' to '/home/robin/projects/ClientSecKey/CodecFactory.h'
         Copying file 'D:\Videos\36期-项目1\day10 - 共享内存和数据库操作\04-代码\ClientSecKey\ClientSecKey\Hash.h' to '/home/robin/projects/ClientSecKey/Hash.h'
         Copying file 'D:\Videos\36期-项目1\day10 - 共享内存和数据库操作\04-代码\ClientSecKey\ClientSecKey\Message.pb.h' to '/home/robin/projects/ClientSecKey/Message.pb.h'
         Copying file 'D:\Videos\36期-项目1\day10 - 共享内存和数据库操作\04-代码\ClientSecKey\ClientSecKey\RequestCodec.h' to '/home/robin/projects/ClientSecKey/RequestCodec.h'
         Copying file 'D:\Videos\36期-项目1\day10 - 共享内存和数据库操作\04-代码\ClientSecKey\ClientSecKey\RequestFactory.h' to '/home/robin/projects/ClientSecKey/RequestFactory.h'
         Copying file 'D:\Videos\36期-项目1\day10 - 共享内存和数据库操作\04-代码\ClientSecKey\ClientSecKey\RespondCodec.h' to '/home/robin/projects/ClientSecKey/RespondCodec.h'
         Copying file 'D:\Videos\36期-项目1\day10 - 共享内存和数据库操作\04-代码\ClientSecKey\ClientSecKey\RespondFactory.h' to '/home/robin/projects/ClientSecKey/RespondFactory.h'
         Copying file 'D:\Videos\36期-项目1\day10 - 共享内存和数据库操作\04-代码\ClientSecKey\ClientSecKey\RsaCrypto.h' to '/home/robin/projects/ClientSecKey/RsaCrypto.h'
         Copying file 'D:\Videos\36期-项目1\day10 - 共享内存和数据库操作\04-代码\ClientSecKey\ClientSecKey\TcpSocket.h' to '/home/robin/projects/ClientSecKey/TcpSocket.h'
         Copying file 'D:\Videos\36期-项目1\day10 - 共享内存和数据库操作\04-代码\ClientSecKey\ClientSecKey\Message.proto' to '/home/robin/projects/ClientSecKey/Message.proto'
       _ValidateValidArchitecture:
         Validating architecture
         Current project architecture 'x64' is compatible with the remote system architecture 'x64' ('x64').
       ClCompile:
         Starting remote build
         Compiling sources:
         Invoking 'g++'
         g++ -c -x c++ /home/robin/projects/ClientSecKey/ClientOP.cpp -I "/home/robin/projects/ClientSecKey/../../../../day08 - 秘钥协商/04-代码/ClientSecKey/ClientSecKey/json" -g2 -gdwarf-2 -o "/home/robin/projects/ClientSecKey/obj/x64/Debug/ClientOP.o" -Wall -Wswitch -W"no-deprecated-declarations" -W"empty-body" -Wconversion -W"return-type" -Wparentheses -W"no-format" -Wuninitialized -W"unreachable-code" -W"unused-function" -W"unused-value" -W"unused-variable" -O0 -fno-strict-aliasing -fno-omit-frame-pointer -fthreadsafe-statics -fexceptions -frtti -std=c++11
         ClientOP.cpp
         /home/robin/projects/ClientSecKey/ClientOP.cpp: In constructor ‘ClientOP::ClientOP(std::__cxx11::string)’:
         /home/robin/projects/ClientSecKey/ClientOP.cpp:28:14: warning: conversion to ‘short unsigned int’ from ‘Json::Value::Int {aka int}’ may alter its value [-Wconversion]
           m_info.port = root["Port"].asInt();
                       ^
         
     1>D:\Videos\36期-项目1\day10 - 共享内存和数据库操作\04-代码\ClientSecKey\ClientSecKey\ClientOP.cpp(28,14): warning : conversion to ‘short unsigned int’ from ‘Json::Value::Int {aka int}’ may alter its value [-Wconversion]
D:\Videos\36期-项目1\day10 - 共享内存和数据库操作\04-代码\ClientSecKey\ClientSecKey\ClientOP.cpp(28,14): warning :   m_info.port = root["Port"].asInt();
D:\Videos\36期-项目1\day10 - 共享内存和数据库操作\04-代码\ClientSecKey\ClientSecKey\ClientOP.cpp(28,14): warning :               ^
         Done compiling '/home/robin/projects/ClientSecKey/ClientOP.cpp'
         Invoking 'g++'
         g++ -c -x c++ /home/robin/projects/ClientSecKey/Codec.cpp -I "/home/robin/projects/ClientSecKey/../../../../day08 - 秘钥协商/04-代码/ClientSecKey/ClientSecKey/json" -g2 -gdwarf-2 -o "/home/robin/projects/ClientSecKey/obj/x64/Debug/Codec.o" -Wall -Wswitch -W"no-deprecated-declarations" -W"empty-body" -Wconversion -W"return-type" -Wparentheses -W"no-format" -Wuninitialized -W"unreachable-code" -W"unused-function" -W"unused-value" -W"unused-variable" -O0 -fno-strict-aliasing -fno-omit-frame-pointer -fthreadsafe-statics -fexceptions -frtti -std=c++11
         Codec.cpp
         Done compiling '/home/robin/projects/ClientSecKey/Codec.cpp'
         Invoking 'g++'
         g++ -c -x c++ /home/robin/projects/ClientSecKey/CodecFactory.cpp -I "/home/robin/projects/ClientSecKey/../../../../day08 - 秘钥协商/04-代码/ClientSecKey/ClientSecKey/json" -g2 -gdwarf-2 -o "/home/robin/projects/ClientSecKey/obj/x64/Debug/CodecFactory.o" -Wall -Wswitch -W"no-deprecated-declarations" -W"empty-body" -Wconversion -W"return-type" -Wparentheses -W"no-format" -Wuninitialized -W"unreachable-code" -W"unused-function" -W"unused-value" -W"unused-variable" -O0 -fno-strict-aliasing -fno-omit-frame-pointer -fthreadsafe-statics -fexceptions -frtti -std=c++11
         CodecFactory.cpp
         Done compiling '/home/robin/projects/ClientSecKey/CodecFactory.cpp'
         Invoking 'g++'
         g++ -c -x c++ /home/robin/projects/ClientSecKey/Hash.cpp -I "/home/robin/projects/ClientSecKey/../../../../day08 - 秘钥协商/04-代码/ClientSecKey/ClientSecKey/json" -g2 -gdwarf-2 -o "/home/robin/projects/ClientSecKey/obj/x64/Debug/Hash.o" -Wall -Wswitch -W"no-deprecated-declarations" -W"empty-body" -Wconversion -W"return-type" -Wparentheses -W"no-format" -Wuninitialized -W"unreachable-code" -W"unused-function" -W"unused-value" -W"unused-variable" -O0 -fno-strict-aliasing -fno-omit-frame-pointer -fthreadsafe-statics -fexceptions -frtti -std=c++11
         Hash.cpp
         Done compiling '/home/robin/projects/ClientSecKey/Hash.cpp'
         Invoking 'g++'
         g++ -c -x c++ /home/robin/projects/ClientSecKey/main.cpp -I "/home/robin/projects/ClientSecKey/../../../../day08 - 秘钥协商/04-代码/ClientSecKey/ClientSecKey/json" -g2 -gdwarf-2 -o "/home/robin/projects/ClientSecKey/obj/x64/Debug/main.o" -Wall -Wswitch -W"no-deprecated-declarations" -W"empty-body" -Wconversion -W"return-type" -Wparentheses -W"no-format" -Wuninitialized -W"unreachable-code" -W"unused-function" -W"unused-value" -W"unused-variable" -O0 -fno-strict-aliasing -fno-omit-frame-pointer -fthreadsafe-statics -fexceptions -frtti -std=c++11
         main.cpp
         Done compiling '/home/robin/projects/ClientSecKey/main.cpp'
         Invoking 'g++'
         g++ -c -x c++ /home/robin/projects/ClientSecKey/Message.pb.cc -I "/home/robin/projects/ClientSecKey/../../../../day08 - 秘钥协商/04-代码/ClientSecKey/ClientSecKey/json" -g2 -gdwarf-2 -o "/home/robin/projects/ClientSecKey/obj/x64/Debug/Message.pb.o" -Wall -Wswitch -W"no-deprecated-declarations" -W"empty-body" -Wconversion -W"return-type" -Wparentheses -W"no-format" -Wuninitialized -W"unreachable-code" -W"unused-function" -W"unused-value" -W"unused-variable" -O0 -fno-strict-aliasing -fno-omit-frame-pointer -fthreadsafe-statics -fexceptions -frtti -std=c++11
         Message.pb.cc
         Done compiling '/home/robin/projects/ClientSecKey/Message.pb.cc'
         Invoking 'g++'
         g++ -c -x c++ /home/robin/projects/ClientSecKey/RequestCodec.cpp -I "/home/robin/projects/ClientSecKey/../../../../day08 - 秘钥协商/04-代码/ClientSecKey/ClientSecKey/json" -g2 -gdwarf-2 -o "/home/robin/projects/ClientSecKey/obj/x64/Debug/RequestCodec.o" -Wall -Wswitch -W"no-deprecated-declarations" -W"empty-body" -Wconversion -W"return-type" -Wparentheses -W"no-format" -Wuninitialized -W"unreachable-code" -W"unused-function" -W"unused-value" -W"unused-variable" -O0 -fno-strict-aliasing -fno-omit-frame-pointer -fthreadsafe-statics -fexceptions -frtti -std=c++11
         RequestCodec.cpp
         Done compiling '/home/robin/projects/ClientSecKey/RequestCodec.cpp'
         Invoking 'g++'
         g++ -c -x c++ /home/robin/projects/ClientSecKey/RequestFactory.cpp -I "/home/robin/projects/ClientSecKey/../../../../day08 - 秘钥协商/04-代码/ClientSecKey/ClientSecKey/json" -g2 -gdwarf-2 -o "/home/robin/projects/ClientSecKey/obj/x64/Debug/RequestFactory.o" -Wall -Wswitch -W"no-deprecated-declarations" -W"empty-body" -Wconversion -W"return-type" -Wparentheses -W"no-format" -Wuninitialized -W"unreachable-code" -W"unused-function" -W"unused-value" -W"unused-variable" -O0 -fno-strict-aliasing -fno-omit-frame-pointer -fthreadsafe-statics -fexceptions -frtti -std=c++11
         RequestFactory.cpp
         Done compiling '/home/robin/projects/ClientSecKey/RequestFactory.cpp'
         Invoking 'g++'
         g++ -c -x c++ /home/robin/projects/ClientSecKey/RespondCodec.cpp -I "/home/robin/projects/ClientSecKey/../../../../day08 - 秘钥协商/04-代码/ClientSecKey/ClientSecKey/json" -g2 -gdwarf-2 -o "/home/robin/projects/ClientSecKey/obj/x64/Debug/RespondCodec.o" -Wall -Wswitch -W"no-deprecated-declarations" -W"empty-body" -Wconversion -W"return-type" -Wparentheses -W"no-format" -Wuninitialized -W"unreachable-code" -W"unused-function" -W"unused-value" -W"unused-variable" -O0 -fno-strict-aliasing -fno-omit-frame-pointer -fthreadsafe-statics -fexceptions -frtti -std=c++11
         RespondCodec.cpp
         Done compiling '/home/robin/projects/ClientSecKey/RespondCodec.cpp'
         Invoking 'g++'
         g++ -c -x c++ /home/robin/projects/ClientSecKey/RespondFactory.cpp -I "/home/robin/projects/ClientSecKey/../../../../day08 - 秘钥协商/04-代码/ClientSecKey/ClientSecKey/json" -g2 -gdwarf-2 -o "/home/robin/projects/ClientSecKey/obj/x64/Debug/RespondFactory.o" -Wall -Wswitch -W"no-deprecated-declarations" -W"empty-body" -Wconversion -W"return-type" -Wparentheses -W"no-format" -Wuninitialized -W"unreachable-code" -W"unused-function" -W"unused-value" -W"unused-variable" -O0 -fno-strict-aliasing -fno-omit-frame-pointer -fthreadsafe-statics -fexceptions -frtti -std=c++11
         RespondFactory.cpp
         Done compiling '/home/robin/projects/ClientSecKey/RespondFactory.cpp'
         Invoking 'g++'
         g++ -c -x c++ /home/robin/projects/ClientSecKey/RsaCrypto.cpp -I "/home/robin/projects/ClientSecKey/../../../../day08 - 秘钥协商/04-代码/ClientSecKey/ClientSecKey/json" -g2 -gdwarf-2 -o "/home/robin/projects/ClientSecKey/obj/x64/Debug/RsaCrypto.o" -Wall -Wswitch -W"no-deprecated-declarations" -W"empty-body" -Wconversion -W"return-type" -Wparentheses -W"no-format" -Wuninitialized -W"unreachable-code" -W"unused-function" -W"unused-value" -W"unused-variable" -O0 -fno-strict-aliasing -fno-omit-frame-pointer -fthreadsafe-statics -fexceptions -frtti -std=c++11
         RsaCrypto.cpp
     1>D:\Videos\36期-项目1\day10 - 共享内存和数据库操作\04-代码\ClientSecKey\ClientSecKey\RsaCrypto.cpp(39,57): warning : conversion to ‘int’ from ‘std::__cxx11::basic_string<char>::size_type {aka long unsigned int}’ may alter its value [-Wconversion]
D:\Videos\36期-项目1\day10 - 共享内存和数据库操作\04-代码\ClientSecKey\ClientSecKey\RsaCrypto.cpp(39,57): warning :   BIO* bio = BIO_new_mem_buf(keystr.data(), keystr.size());
D:\Videos\36期-项目1\day10 - 共享内存和数据库操作\04-代码\ClientSecKey\ClientSecKey\RsaCrypto.cpp(39,57): warning :                                                          ^
     1>D:\Videos\36期-项目1\day10 - 共享内存和数据库操作\04-代码\ClientSecKey\ClientSecKey\RsaCrypto.cpp(68,18): warning : value computed is not used [-Wunused-value]
D:\Videos\36期-项目1\day10 - 共享内存和数据库操作\04-代码\ClientSecKey\ClientSecKey\RsaCrypto.cpp(68,18): warning :   BIO_flush(pubIO);
D:\Videos\36期-项目1\day10 - 共享内存和数据库操作\04-代码\ClientSecKey\ClientSecKey\RsaCrypto.cpp(68,18): warning :                   ^
     1>D:\Videos\36期-项目1\day10 - 共享内存和数据库操作\04-代码\ClientSecKey\ClientSecKey\RsaCrypto.cpp(75,19): warning : value computed is not used [-Wunused-value]
D:\Videos\36期-项目1\day10 - 共享内存和数据库操作\04-代码\ClientSecKey\ClientSecKey\RsaCrypto.cpp(75,19): warning :   BIO_flush(priBio);
D:\Videos\36期-项目1\day10 - 共享内存和数据库操作\04-代码\ClientSecKey\ClientSecKey\RsaCrypto.cpp(75,19): warning :                    ^
     1>D:\Videos\36期-项目1\day10 - 共享内存和数据库操作\04-代码\ClientSecKey\ClientSecKey\RsaCrypto.cpp(126,57): warning : conversion to ‘int’ from ‘std::__cxx11::basic_string<char>::size_type {aka long unsigned int}’ may alter its value [-Wconversion]
D:\Videos\36期-项目1\day10 - 共享内存和数据库操作\04-代码\ClientSecKey\ClientSecKey\RsaCrypto.cpp(126,57): warning :    (unsigned char*)encode, m_publicKey, RSA_PKCS1_PADDING);
D:\Videos\36期-项目1\day10 - 共享内存和数据库操作\04-代码\ClientSecKey\ClientSecKey\RsaCrypto.cpp(126,57): warning :                                                          ^
     1>D:\Videos\36期-项目1\day10 - 共享内存和数据库操作\04-代码\ClientSecKey\ClientSecKey\RsaCrypto.cpp(176,21): warning : conversion to ‘unsigned int’ from ‘std::__cxx11::basic_string<char>::size_type {aka long unsigned int}’ may alter its value [-Wconversion]
D:\Videos\36期-项目1\day10 - 共享内存和数据库操作\04-代码\ClientSecKey\ClientSecKey\RsaCrypto.cpp(176,21): warning :    &len, m_privateKey);
D:\Videos\36期-项目1\day10 - 共享内存和数据库操作\04-代码\ClientSecKey\ClientSecKey\RsaCrypto.cpp(176,21): warning :                      ^
     1>D:\Videos\36期-项目1\day10 - 共享内存和数据库操作\04-代码\ClientSecKey\ClientSecKey\RsaCrypto.cpp(193,50): warning : conversion to ‘unsigned int’ from ‘std::__cxx11::basic_string<char>::size_type {aka long unsigned int}’ may alter its value [-Wconversion]
D:\Videos\36期-项目1\day10 - 共享内存和数据库操作\04-代码\ClientSecKey\ClientSecKey\RsaCrypto.cpp(193,50): warning :    (const unsigned char*)sign, keyLen, m_publicKey);
D:\Videos\36期-项目1\day10 - 共享内存和数据库操作\04-代码\ClientSecKey\ClientSecKey\RsaCrypto.cpp(193,50): warning :                                                   ^
     1>D:\Videos\36期-项目1\day10 - 共享内存和数据库操作\04-代码\ClientSecKey\ClientSecKey\RsaCrypto.cpp(213,17): warning : value computed is not used [-Wunused-value]
D:\Videos\36期-项目1\day10 - 共享内存和数据库操作\04-代码\ClientSecKey\ClientSecKey\RsaCrypto.cpp(213,17): warning :   BIO_flush(bs64);
D:\Videos\36期-项目1\day10 - 共享内存和数据库操作\04-代码\ClientSecKey\ClientSecKey\RsaCrypto.cpp(213,17): warning :                  ^
     1>D:\Videos\36期-项目1\day10 - 共享内存和数据库操作\04-代码\ClientSecKey\ClientSecKey\RsaCrypto.cpp(224,24): warning : conversion to ‘int’ from ‘std::__cxx11::basic_string<char>::size_type {aka long unsigned int}’ may alter its value [-Wconversion]
D:\Videos\36期-项目1\day10 - 共享内存和数据库操作\04-代码\ClientSecKey\ClientSecKey\RsaCrypto.cpp(224,24): warning :   int length = str.size();
D:\Videos\36期-项目1\day10 - 共享内存和数据库操作\04-代码\ClientSecKey\ClientSecKey\RsaCrypto.cpp(224,24): warning :                         ^
         Done compiling '/home/robin/projects/ClientSecKey/RsaCrypto.cpp'
         Invoking 'g++'
         g++ -c -x c++ /home/robin/projects/ClientSecKey/TcpSocket.cpp -I "/home/robin/projects/ClientSecKey/../../../../day08 - 秘钥协商/04-代码/ClientSecKey/ClientSecKey/json" -g2 -gdwarf-2 -o "/home/robin/projects/ClientSecKey/obj/x64/Debug/TcpSocket.o" -Wall -Wswitch -W"no-deprecated-declarations" -W"empty-body" -Wconversion -W"return-type" -Wparentheses -W"no-format" -Wuninitialized -W"unreachable-code" -W"unused-function" -W"unused-value" -W"unused-variable" -O0 -fno-strict-aliasing -fno-omit-frame-pointer -fthreadsafe-statics -fexceptions -frtti -std=c++11
         TcpSocket.cpp
     1>D:\Videos\36期-项目1\day10 - 共享内存和数据库操作\04-代码\ClientSecKey\ClientSecKey\TcpSocket.cpp(75,35): warning : conversion to ‘int’ from ‘std::__cxx11::basic_string<char>::size_type {aka long unsigned int}’ may alter its value [-Wconversion]
D:\Videos\36期-项目1\day10 - 共享内存和数据库操作\04-代码\ClientSecKey\ClientSecKey\TcpSocket.cpp(75,35): warning :    int dataLen = sendData.size() + 4;
D:\Videos\36期-项目1\day10 - 共享内存和数据库操作\04-代码\ClientSecKey\ClientSecKey\TcpSocket.cpp(75,35): warning :                                    ^
     1>D:\Videos\36期-项目1\day10 - 共享内存和数据库操作\04-代码\ClientSecKey\ClientSecKey\TcpSocket.cpp(85,37): warning : conversion to ‘uint32_t {aka unsigned int}’ from ‘std::__cxx11::basic_string<char>::size_type {aka long unsigned int}’ may alter its value [-Wconversion]
D:\Videos\36期-项目1\day10 - 共享内存和数据库操作\04-代码\ClientSecKey\ClientSecKey\TcpSocket.cpp(85,37): warning :    int netlen = htonl(sendData.size());
D:\Videos\36期-项目1\day10 - 共享内存和数据库操作\04-代码\ClientSecKey\ClientSecKey\TcpSocket.cpp(85,37): warning :                                      ^
     1>D:\Videos\36期-项目1\day10 - 共享内存和数据库操作\04-代码\ClientSecKey\ClientSecKey\TcpSocket.cpp(407,19): warning : conversion to ‘int’ from ‘size_t {aka long unsigned int}’ may alter its value [-Wconversion]
D:\Videos\36期-项目1\day10 - 共享内存和数据库操作\04-代码\ClientSecKey\ClientSecKey\TcpSocket.cpp(407,19): warning :     return count - nleft;
D:\Videos\36期-项目1\day10 - 共享内存和数据库操作\04-代码\ClientSecKey\ClientSecKey\TcpSocket.cpp(407,19): warning :                    ^
         Done compiling '/home/robin/projects/ClientSecKey/TcpSocket.cpp'
         /home/robin/projects/ClientSecKey/RsaCrypto.cpp: In member function ‘void RsaCrypto::parseKeyString(std::__cxx11::string, bool)’:
         /home/robin/projects/ClientSecKey/RsaCrypto.cpp:39:57: warning: conversion to ‘int’ from ‘std::__cxx11::basic_string<char>::size_type {aka long unsigned int}’ may alter its value [-Wconversion]
           BIO* bio = BIO_new_mem_buf(keystr.data(), keystr.size());
                                                                  ^
         /home/robin/projects/ClientSecKey/RsaCrypto.cpp: In member function ‘void RsaCrypto::generateRsakey(int, std::__cxx11::string, std::__cxx11::string)’:
         /home/robin/projects/ClientSecKey/RsaCrypto.cpp:68:18: warning: value computed is not used [-Wunused-value]
           BIO_flush(pubIO);
                           ^
         /home/robin/projects/ClientSecKey/RsaCrypto.cpp:75:19: warning: value computed is not used [-Wunused-value]
           BIO_flush(priBio);
                            ^
         /home/robin/projects/ClientSecKey/RsaCrypto.cpp: In member function ‘std::__cxx11::string RsaCrypto::rsaPubKeyEncrypt(std::__cxx11::string)’:
         /home/robin/projects/ClientSecKey/RsaCrypto.cpp:126:57: warning: conversion to ‘int’ from ‘std::__cxx11::basic_string<char>::size_type {aka long unsigned int}’ may alter its value [-Wconversion]
            (unsigned char*)encode, m_publicKey, RSA_PKCS1_PADDING);
                                                                  ^
         /home/robin/projects/ClientSecKey/RsaCrypto.cpp: In member function ‘std::__cxx11::string RsaCrypto::rsaSign(std::__cxx11::string, SignLevel)’:
         /home/robin/projects/ClientSecKey/RsaCrypto.cpp:176:21: warning: conversion to ‘unsigned int’ from ‘std::__cxx11::basic_string<char>::size_type {aka long unsigned int}’ may alter its value [-Wconversion]
            &len, m_privateKey);
                              ^
         /home/robin/projects/ClientSecKey/RsaCrypto.cpp: In member function ‘bool RsaCrypto::rsaVerify(std::__cxx11::string, std::__cxx11::string, SignLevel)’:
         /home/robin/projects/ClientSecKey/RsaCrypto.cpp:193:50: warning: conversion to ‘unsigned int’ from ‘std::__cxx11::basic_string<char>::size_type {aka long unsigned int}’ may alter its value [-Wconversion]
            (const unsigned char*)sign, keyLen, m_publicKey);
                                                           ^
         /home/robin/projects/ClientSecKey/RsaCrypto.cpp: In member function ‘std::__cxx11::string RsaCrypto::toBase64(const char*, int)’:
         /home/robin/projects/ClientSecKey/RsaCrypto.cpp:213:17: warning: value computed is not used [-Wunused-value]
           BIO_flush(bs64);
                          ^
         /home/robin/projects/ClientSecKey/RsaCrypto.cpp: In member function ‘char* RsaCrypto::fromBase64(std::__cxx11::string)’:
         /home/robin/projects/ClientSecKey/RsaCrypto.cpp:224:24: warning: conversion to ‘int’ from ‘std::__cxx11::basic_string<char>::size_type {aka long unsigned int}’ may alter its value [-Wconversion]
           int length = str.size();
                                 ^
         /home/robin/projects/ClientSecKey/TcpSocket.cpp: In member function ‘int TcpSocket::sendMsg(std::__cxx11::string, int)’:
         /home/robin/projects/ClientSecKey/TcpSocket.cpp:75:35: warning: conversion to ‘int’ from ‘std::__cxx11::basic_string<char>::size_type {aka long unsigned int}’ may alter its value [-Wconversion]
            int dataLen = sendData.size() + 4;
                                            ^
         /home/robin/projects/ClientSecKey/TcpSocket.cpp:85:37: warning: conversion to ‘uint32_t {aka unsigned int}’ from ‘std::__cxx11::basic_string<char>::size_type {aka long unsigned int}’ may alter its value [-Wconversion]
            int netlen = htonl(sendData.size());
                                              ^
         /home/robin/projects/ClientSecKey/TcpSocket.cpp: In member function ‘int TcpSocket::readn(void*, int)’:
         /home/robin/projects/ClientSecKey/TcpSocket.cpp:407:19: warning: conversion to ‘int’ from ‘size_t {aka long unsigned int}’ may alter its value [-Wconversion]
             return count - nleft;
                            ^
         
       Link:
         Linking objects
         Invoking 'ld'
         g++ -o "/home/robin/projects/ClientSecKey/bin/x64/Debug/ClientSecKey.out" -Wl,--no-undefined -Wl,-z,relro -Wl,-z,now -Wl,-z,noexecstack /home/robin/projects/ClientSecKey/obj/x64/Debug/ClientOP.o /home/robin/projects/ClientSecKey/obj/x64/Debug/Codec.o /home/robin/projects/ClientSecKey/obj/x64/Debug/CodecFactory.o /home/robin/projects/ClientSecKey/obj/x64/Debug/Hash.o /home/robin/projects/ClientSecKey/obj/x64/Debug/main.o /home/robin/projects/ClientSecKey/obj/x64/Debug/Message.pb.o /home/robin/projects/ClientSecKey/obj/x64/Debug/RequestCodec.o /home/robin/projects/ClientSecKey/obj/x64/Debug/RequestFactory.o /home/robin/projects/ClientSecKey/obj/x64/Debug/RespondCodec.o /home/robin/projects/ClientSecKey/obj/x64/Debug/RespondFactory.o /home/robin/projects/ClientSecKey/obj/x64/Debug/RsaCrypto.o /home/robin/projects/ClientSecKey/obj/x64/Debug/TcpSocket.o -ljson -lcrypto -lprotobuf
         Done linking, output file name: '/home/robin/projects/ClientSecKey/bin/x64/Debug/ClientSecKey.out'
         Copying file '/home/robin/projects/ClientSecKey/bin/x64/Debug/ClientSecKey.out' to 'D:\Videos\36期-项目1\day10 - 共享内存和数据库操作\04-代码\ClientSecKey\ClientSecKey\bin\x64\Debug\ClientSecKey.out'
         ClientSecKey.vcxproj -> D:\Videos\36期-项目1\day10 - 共享内存和数据库操作\04-代码\ClientSecKey\ClientSecKey\bin\x64\Debug\ClientSecKey.out
       FinalizeBuildStatus:
         正在删除文件“D:\Videos\36期-项目1\day10 - 共享内存和数据库操作\04-代码\ClientSecKey\ClientSecKey\obj\x64\Debug\ClientSecKey.tlog\unsuccessfulbuild”。
         正在对“D:\Videos\36期-项目1\day10 - 共享内存和数据库操作\04-代码\ClientSecKey\ClientSecKey\obj\x64\Debug\ClientSecKey.tlog\ClientSecKey.lastbuildstate”执行 Touch 任务。
     1>已完成生成项目“D:\Videos\36期-项目1\day10 - 共享内存和数据库操作\04-代码\ClientSecKey\ClientSecKey\ClientSecKey.vcxproj”(Rebuild 个目标)的操作。

已成功生成。

       “D:\Videos\36期-项目1\day10 - 共享内存和数据库操作\04-代码\ClientSecKey\ClientSecKey\ClientSecKey.vcxproj”(Rebuild 目标) (1) ->
       (ClCompile 目标) -> 
         D:\Videos\36期-项目1\day10 - 共享内存和数据库操作\04-代码\ClientSecKey\ClientSecKey\ClientOP.cpp(28,14): warning : conversion to ‘short unsigned int’ from ‘Json::Value::Int {aka int}’ may alter its value [-Wconversion]
       D:\Videos\36期-项目1\day10 - 共享内存和数据库操作\04-代码\ClientSecKey\ClientSecKey\ClientOP.cpp(28,14): warning :   m_info.port = root["Port"].asInt();
       D:\Videos\36期-项目1\day10 - 共享内存和数据库操作\04-代码\ClientSecKey\ClientSecKey\ClientOP.cpp(28,14): warning :               ^
         D:\Videos\36期-项目1\day10 - 共享内存和数据库操作\04-代码\ClientSecKey\ClientSecKey\RsaCrypto.cpp(39,57): warning : conversion to ‘int’ from ‘std::__cxx11::basic_string<char>::size_type {aka long unsigned int}’ may alter its value [-Wconversion]
       D:\Videos\36期-项目1\day10 - 共享内存和数据库操作\04-代码\ClientSecKey\ClientSecKey\RsaCrypto.cpp(39,57): warning :   BIO* bio = BIO_new_mem_buf(keystr.data(), keystr.size());
       D:\Videos\36期-项目1\day10 - 共享内存和数据库操作\04-代码\ClientSecKey\ClientSecKey\RsaCrypto.cpp(39,57): warning :                                                          ^
         D:\Videos\36期-项目1\day10 - 共享内存和数据库操作\04-代码\ClientSecKey\ClientSecKey\RsaCrypto.cpp(68,18): warning : value computed is not used [-Wunused-value]
       D:\Videos\36期-项目1\day10 - 共享内存和数据库操作\04-代码\ClientSecKey\ClientSecKey\RsaCrypto.cpp(68,18): warning :   BIO_flush(pubIO);
       D:\Videos\36期-项目1\day10 - 共享内存和数据库操作\04-代码\ClientSecKey\ClientSecKey\RsaCrypto.cpp(68,18): warning :                   ^
         D:\Videos\36期-项目1\day10 - 共享内存和数据库操作\04-代码\ClientSecKey\ClientSecKey\RsaCrypto.cpp(75,19): warning : value computed is not used [-Wunused-value]
       D:\Videos\36期-项目1\day10 - 共享内存和数据库操作\04-代码\ClientSecKey\ClientSecKey\RsaCrypto.cpp(75,19): warning :   BIO_flush(priBio);
       D:\Videos\36期-项目1\day10 - 共享内存和数据库操作\04-代码\ClientSecKey\ClientSecKey\RsaCrypto.cpp(75,19): warning :                    ^
         D:\Videos\36期-项目1\day10 - 共享内存和数据库操作\04-代码\ClientSecKey\ClientSecKey\RsaCrypto.cpp(126,57): warning : conversion to ‘int’ from ‘std::__cxx11::basic_string<char>::size_type {aka long unsigned int}’ may alter its value [-Wconversion]
       D:\Videos\36期-项目1\day10 - 共享内存和数据库操作\04-代码\ClientSecKey\ClientSecKey\RsaCrypto.cpp(126,57): warning :    (unsigned char*)encode, m_publicKey, RSA_PKCS1_PADDING);
       D:\Videos\36期-项目1\day10 - 共享内存和数据库操作\04-代码\ClientSecKey\ClientSecKey\RsaCrypto.cpp(126,57): warning :                                                          ^
         D:\Videos\36期-项目1\day10 - 共享内存和数据库操作\04-代码\ClientSecKey\ClientSecKey\RsaCrypto.cpp(176,21): warning : conversion to ‘unsigned int’ from ‘std::__cxx11::basic_string<char>::size_type {aka long unsigned int}’ may alter its value [-Wconversion]
       D:\Videos\36期-项目1\day10 - 共享内存和数据库操作\04-代码\ClientSecKey\ClientSecKey\RsaCrypto.cpp(176,21): warning :    &len, m_privateKey);
       D:\Videos\36期-项目1\day10 - 共享内存和数据库操作\04-代码\ClientSecKey\ClientSecKey\RsaCrypto.cpp(176,21): warning :                      ^
         D:\Videos\36期-项目1\day10 - 共享内存和数据库操作\04-代码\ClientSecKey\ClientSecKey\RsaCrypto.cpp(193,50): warning : conversion to ‘unsigned int’ from ‘std::__cxx11::basic_string<char>::size_type {aka long unsigned int}’ may alter its value [-Wconversion]
       D:\Videos\36期-项目1\day10 - 共享内存和数据库操作\04-代码\ClientSecKey\ClientSecKey\RsaCrypto.cpp(193,50): warning :    (const unsigned char*)sign, keyLen, m_publicKey);
       D:\Videos\36期-项目1\day10 - 共享内存和数据库操作\04-代码\ClientSecKey\ClientSecKey\RsaCrypto.cpp(193,50): warning :                                                   ^
         D:\Videos\36期-项目1\day10 - 共享内存和数据库操作\04-代码\ClientSecKey\ClientSecKey\RsaCrypto.cpp(213,17): warning : value computed is not used [-Wunused-value]
       D:\Videos\36期-项目1\day10 - 共享内存和数据库操作\04-代码\ClientSecKey\ClientSecKey\RsaCrypto.cpp(213,17): warning :   BIO_flush(bs64);
       D:\Videos\36期-项目1\day10 - 共享内存和数据库操作\04-代码\ClientSecKey\ClientSecKey\RsaCrypto.cpp(213,17): warning :                  ^
         D:\Videos\36期-项目1\day10 - 共享内存和数据库操作\04-代码\ClientSecKey\ClientSecKey\RsaCrypto.cpp(224,24): warning : conversion to ‘int’ from ‘std::__cxx11::basic_string<char>::size_type {aka long unsigned int}’ may alter its value [-Wconversion]
       D:\Videos\36期-项目1\day10 - 共享内存和数据库操作\04-代码\ClientSecKey\ClientSecKey\RsaCrypto.cpp(224,24): warning :   int length = str.size();
       D:\Videos\36期-项目1\day10 - 共享内存和数据库操作\04-代码\ClientSecKey\ClientSecKey\RsaCrypto.cpp(224,24): warning :                         ^
         D:\Videos\36期-项目1\day10 - 共享内存和数据库操作\04-代码\ClientSecKey\ClientSecKey\TcpSocket.cpp(75,35): warning : conversion to ‘int’ from ‘std::__cxx11::basic_string<char>::size_type {aka long unsigned int}’ may alter its value [-Wconversion]
       D:\Videos\36期-项目1\day10 - 共享内存和数据库操作\04-代码\ClientSecKey\ClientSecKey\TcpSocket.cpp(75,35): warning :    int dataLen = sendData.size() + 4;
       D:\Videos\36期-项目1\day10 - 共享内存和数据库操作\04-代码\ClientSecKey\ClientSecKey\TcpSocket.cpp(75,35): warning :                                    ^
         D:\Videos\36期-项目1\day10 - 共享内存和数据库操作\04-代码\ClientSecKey\ClientSecKey\TcpSocket.cpp(85,37): warning : conversion to ‘uint32_t {aka unsigned int}’ from ‘std::__cxx11::basic_string<char>::size_type {aka long unsigned int}’ may alter its value [-Wconversion]
       D:\Videos\36期-项目1\day10 - 共享内存和数据库操作\04-代码\ClientSecKey\ClientSecKey\TcpSocket.cpp(85,37): warning :    int netlen = htonl(sendData.size());
       D:\Videos\36期-项目1\day10 - 共享内存和数据库操作\04-代码\ClientSecKey\ClientSecKey\TcpSocket.cpp(85,37): warning :                                      ^
         D:\Videos\36期-项目1\day10 - 共享内存和数据库操作\04-代码\ClientSecKey\ClientSecKey\TcpSocket.cpp(407,19): warning : conversion to ‘int’ from ‘size_t {aka long unsigned int}’ may alter its value [-Wconversion]
       D:\Videos\36期-项目1\day10 - 共享内存和数据库操作\04-代码\ClientSecKey\ClientSecKey\TcpSocket.cpp(407,19): warning :     return count - nleft;
       D:\Videos\36期-项目1\day10 - 共享内存和数据库操作\04-代码\ClientSecKey\ClientSecKey\TcpSocket.cpp(407,19): warning :                    ^

    12 个警告
    0 个错误

已用时间 00:00:41.09
