d:\code\leetcode100\leetcode100\x64\debug\vc143.pdb
d:\code\leetcode100\leetcode100\x64\debug\vc143.idb
d:\code\leetcode100\leetcode100\x64\debug\76.obj
d:\code\leetcode100\leetcode100\x64\debug\560.obj
d:\code\leetcode100\leetcode100\x64\debug\53.obj
d:\code\leetcode100\leetcode100\x64\debug\49.obj
d:\code\leetcode100\leetcode100\x64\debug\438.obj
d:\code\leetcode100\leetcode100\x64\debug\42.obj
d:\code\leetcode100\leetcode100\x64\debug\3.obj
d:\code\leetcode100\leetcode100\x64\debug\239.obj
d:\code\leetcode100\leetcode100\x64\debug\15.obj
d:\code\leetcode100\leetcode100\x64\debug\128.obj
d:\code\leetcode100\leetcode100\x64\debug\11.obj
d:\code\leetcode100\leetcode100\x64\debug\56.obj
d:\code\leetcode100\x64\debug\leetcode100.exe
d:\code\leetcode100\x64\debug\leetcode100.pdb
d:\code\leetcode100\leetcode100\x64\debug\leetcode100.ilk
d:\code\leetcode100\leetcode100\x64\debug\leetcode100.tlog\cl.command.1.tlog
d:\code\leetcode100\leetcode100\x64\debug\leetcode100.tlog\cl.items.tlog
d:\code\leetcode100\leetcode100\x64\debug\leetcode100.tlog\cl.read.1.tlog
d:\code\leetcode100\leetcode100\x64\debug\leetcode100.tlog\cl.write.1.tlog
d:\code\leetcode100\leetcode100\x64\debug\leetcode100.tlog\link.command.1.tlog
d:\code\leetcode100\leetcode100\x64\debug\leetcode100.tlog\link.read.1.tlog
d:\code\leetcode100\leetcode100\x64\debug\leetcode100.tlog\link.secondary.1.tlog
d:\code\leetcode100\leetcode100\x64\debug\leetcode100.tlog\link.write.1.tlog
